<?xml version="1.0" encoding="utf-8" standalone="no"?>
<!--This file represents the results of running a test suite-->
<test-results name="Spring.Messaging.Nms.Tests.dll" total="51" errors="0" failures="0" not-run="0" inconclusive="0" ignored="0" skipped="0" invalid="0" date="2011-07-24" time="11:34:42">
  <environment nunit-version="2.5.7.10213" clr-version="2.0.50727.3620" os-version="Microsoft Windows NT 5.2.3790 Service Pack 2" platform="Win32NT" cwd="F:\bamboo-home\xml-data\build-dir\SPRNET-DAILY-JOB1\build\net\4.0\release" machine-name="NEWYORK" user="bamboo-agent" user-domain="NEWYORK" />
  <culture-info current-culture="en-US" current-uiculture="en-US" />
  <test-suite type="Assembly" name="Spring.Messaging.Nms.Tests.dll" executed="True" result="Success" success="True" time="2.594" asserts="0">
    <results>
      <test-suite type="Namespace" name="Spring" executed="True" result="Success" success="True" time="2.594" asserts="0">
        <results>
          <test-suite type="Namespace" name="Messaging" executed="True" result="Success" success="True" time="2.547" asserts="0">
            <results>
              <test-suite type="Namespace" name="Nms" executed="True" result="Success" success="True" time="2.547" asserts="0">
                <results>
                  <test-suite type="Namespace" name="Config" executed="True" result="Success" success="True" time="1.578" asserts="0">
                    <results>
                      <test-suite type="TestFixture" name="NmsNamespaceHandlerTests" executed="True" result="Success" success="True" time="1.563" asserts="0">
                        <results>
                          <test-case name="Spring.Messaging.Nms.Config.NmsNamespaceHandlerTests.ContainerConfiguration" executed="True" result="Success" success="True" time="1.281" asserts="2" />
                          <test-case name="Spring.Messaging.Nms.Config.NmsNamespaceHandlerTests.Listeners" executed="True" result="Success" success="True" time="0.219" asserts="5" />
                          <test-case name="Spring.Messaging.Nms.Config.NmsNamespaceHandlerTests.ObjectsCreated" executed="True" result="Success" success="True" time="0.016" asserts="1" />
                          <test-case name="Spring.Messaging.Nms.Config.NmsNamespaceHandlerTests.Registered" executed="True" result="Success" success="True" time="0.016" asserts="1" />
                        </results>
                      </test-suite>
                    </results>
                  </test-suite>
                  <test-suite type="Namespace" name="Connections" executed="True" result="Success" success="True" time="0.328" asserts="0">
                    <results>
                      <test-suite type="TestFixture" name="CachingConnectionFactoryTests" executed="True" result="Success" success="True" time="0.063" asserts="0">
                        <results>
                          <test-case name="Spring.Messaging.Nms.Connections.CachingConnectionFactoryTests.CachedMessageConsumer" executed="True" result="Success" success="True" time="0.047" asserts="5" />
                          <test-case name="Spring.Messaging.Nms.Connections.CachingConnectionFactoryTests.CachedMessageProducer" executed="True" result="Success" success="True" time="0.000" asserts="5" />
                          <test-case name="Spring.Messaging.Nms.Connections.CachingConnectionFactoryTests.CachedMessageProducerTwoRequests" executed="True" result="Success" success="True" time="0.000" asserts="8" />
                          <test-case name="Spring.Messaging.Nms.Connections.CachingConnectionFactoryTests.CachedSession" executed="True" result="Success" success="True" time="0.000" asserts="10" />
                          <test-case name="Spring.Messaging.Nms.Connections.CachingConnectionFactoryTests.CachedSessionTwoRequests" executed="True" result="Success" success="True" time="0.016" asserts="16" />
                        </results>
                      </test-suite>
                      <test-suite type="TestFixture" name="NmsTransactionManagerTests" executed="True" result="Success" success="True" time="0.234" asserts="0">
                        <results>
                          <test-case name="Spring.Messaging.Nms.Connections.NmsTransactionManagerTests.ParticipatingTransactionWithCommit" executed="True" result="Success" success="True" time="0.203" asserts="4" />
                          <test-case name="Spring.Messaging.Nms.Connections.NmsTransactionManagerTests.ParticipatingTransactionWithRollback" executed="True" result="Success" success="True" time="0.000" asserts="4" />
                          <test-case name="Spring.Messaging.Nms.Connections.NmsTransactionManagerTests.SuspendedTransaction" executed="True" result="Success" success="True" time="0.000" asserts="5" />
                          <test-case name="Spring.Messaging.Nms.Connections.NmsTransactionManagerTests.TransactionCommit" executed="True" result="Success" success="True" time="0.000" asserts="3" />
                          <test-case name="Spring.Messaging.Nms.Connections.NmsTransactionManagerTests.TransactionRollback" executed="True" result="Success" success="True" time="0.000" asserts="3" />
                          <test-case name="Spring.Messaging.Nms.Connections.NmsTransactionManagerTests.TransactionSuspension" executed="True" result="Success" success="True" time="0.016" asserts="4" />
                        </results>
                      </test-suite>
                      <test-suite type="TestFixture" name="SingleConnectionFactoryTests" executed="True" result="Success" success="True" time="0.031" asserts="0">
                        <results>
                          <test-case name="Spring.Messaging.Nms.Connections.SingleConnectionFactoryTests.CachingConnectionFactory" executed="True" result="Success" success="True" time="0.016" asserts="0" />
                          <test-case name="Spring.Messaging.Nms.Connections.SingleConnectionFactoryTests.UsingConnection" executed="True" result="Success" success="True" time="0.000" asserts="0" />
                          <test-case name="Spring.Messaging.Nms.Connections.SingleConnectionFactoryTests.UsingConnectionFactory" executed="True" result="Success" success="True" time="0.000" asserts="0" />
                          <test-case name="Spring.Messaging.Nms.Connections.SingleConnectionFactoryTests.UsingConnectionFactoryAndClientId" executed="True" result="Success" success="True" time="0.000" asserts="0" />
                          <test-case name="Spring.Messaging.Nms.Connections.SingleConnectionFactoryTests.UsingConnectionFactoryAndExceptionListener" executed="True" result="Success" success="True" time="0.016" asserts="0" />
                          <test-case name="Spring.Messaging.Nms.Connections.SingleConnectionFactoryTests.UsingConnectionFactoryAndExceptionListenerAndReconnectOnException" executed="True" result="Success" success="True" time="0.000" asserts="3" />
                          <test-case name="Spring.Messaging.Nms.Connections.SingleConnectionFactoryTests.UsingConnectionFactoryAndReconnectOnException" executed="True" result="Success" success="True" time="0.000" asserts="2" />
                        </results>
                      </test-suite>
                    </results>
                  </test-suite>
                  <test-suite type="Namespace" name="Core" executed="True" result="Success" success="True" time="0.594" asserts="0">
                    <results>
                      <test-suite type="TestFixture" name="MessageTemplateTests" executed="True" result="Success" success="True" time="0.188" asserts="0">
                        <results>
                          <test-case name="Spring.Messaging.Nms.Core.MessageTemplateTests.ProducerCallback" executed="True" result="Success" success="True" time="0.156" asserts="1" />
                          <test-case name="Spring.Messaging.Nms.Core.MessageTemplateTests.ProducerCallbackWithIdAndTimestampDisabled" executed="True" result="Success" success="True" time="0.016" asserts="0" />
                          <test-case name="Spring.Messaging.Nms.Core.MessageTemplateTests.SessionCallback" executed="True" result="Success" success="True" time="0.000" asserts="0" />
                          <test-case name="Spring.Messaging.Nms.Core.MessageTemplateTests.SessionCallbackWithinSynchronizedTransaction" executed="True" result="Success" success="True" time="0.016" asserts="4" />
                        </results>
                      </test-suite>
                      <test-suite type="TestFixture" name="SimpleMessageConverterTests" executed="True" result="Success" success="True" time="0.313" asserts="0">
                        <results>
                          <test-case name="Spring.Messaging.Nms.Core.SimpleMessageConverterTests.ByteArrayConversion" executed="True" result="Success" success="True" time="0.156" asserts="1" />
                          <test-case name="Spring.Messaging.Nms.Core.SimpleMessageConverterTests.DictionaryConversionWhereMapHasNonStringTypesForKeys" executed="True" result="Success" success="True" time="0.078" asserts="0" />
                          <test-case name="Spring.Messaging.Nms.Core.SimpleMessageConverterTests.FromMessageSimplyReturnsMessageAsIsIfSuppliedWithMessage" executed="True" result="Success" success="True" time="0.031" asserts="1" />
                          <test-case name="Spring.Messaging.Nms.Core.SimpleMessageConverterTests.MapConversion" executed="True" result="Success" success="True" time="0.000" asserts="1" />
                          <test-case name="Spring.Messaging.Nms.Core.SimpleMessageConverterTests.Serializable" executed="True" result="Success" success="True" time="0.047" asserts="1" />
                          <test-case name="Spring.Messaging.Nms.Core.SimpleMessageConverterTests.StringConversion" executed="True" result="Success" success="True" time="0.000" asserts="1" />
                          <test-case name="Spring.Messaging.Nms.Core.SimpleMessageConverterTests.ToMessageSimplyReturnsMessageAsIsIfSuppliedWithMessage" executed="True" result="Success" success="True" time="0.000" asserts="1" />
                          <test-case name="Spring.Messaging.Nms.Core.SimpleMessageConverterTests.ToMessageThrowsExceptionIfGivenIncompatibleObjectToConvert" executed="True" result="Success" success="True" time="0.000" asserts="0" />
                          <test-case name="Spring.Messaging.Nms.Core.SimpleMessageConverterTests.ToMessageThrowsExceptionIfGivenNullObjectToConvert" executed="True" result="Success" success="True" time="0.000" asserts="0" />
                        </results>
                      </test-suite>
                      <test-suite type="TestFixture" name="SimpleMessageListenerContainerTests" executed="True" result="Success" success="True" time="0.094" asserts="0">
                        <results>
                          <test-case name="Spring.Messaging.Nms.Core.SimpleMessageListenerContainerTests.RegisteredErrorHandlerIsInvokedOnException" executed="True" result="Success" success="True" time="0.047" asserts="0" />
                          <test-case name="Spring.Messaging.Nms.Core.SimpleMessageListenerContainerTests.RegisteredExceptionListenerIsInvokedOnException" executed="True" result="Success" success="True" time="0.047" asserts="0" />
                        </results>
                      </test-suite>
                    </results>
                  </test-suite>
                  <test-suite type="Namespace" name="Integration" executed="True" result="Inconclusive" success="False" time="0.000" asserts="0">
                    <results>
                      <test-suite type="TestFixture" name="SimpleMessageListenerContainerTests" executed="True" result="Inconclusive" success="False" time="0.000" asserts="0" />
                    </results>
                  </test-suite>
                  <test-suite type="Namespace" name="Listener" executed="True" result="Success" success="True" time="0.016" asserts="0">
                    <results>
                      <test-suite type="Namespace" name="Adapter" executed="True" result="Success" success="True" time="0.016" asserts="0">
                        <results>
                          <test-suite type="TestFixture" name="MessageListenerAdapterTests" executed="True" result="Success" success="True" time="0.016" asserts="0">
                            <results>
                              <test-case name="Spring.Messaging.Nms.Listener.Adapter.MessageListenerAdapterTests.MessageContentsHandlerForBytesMessage" executed="True" result="Success" success="True" time="0.016" asserts="1" />
                              <test-case name="Spring.Messaging.Nms.Listener.Adapter.MessageListenerAdapterTests.MessageContentsHandlerForTextMessage" executed="True" result="Success" success="True" time="0.000" asserts="1" />
                              <test-case name="Spring.Messaging.Nms.Listener.Adapter.MessageListenerAdapterTests.MessageContentsHandlerOverloadCalls" executed="True" result="Success" success="True" time="0.000" asserts="2" />
                            </results>
                          </test-suite>
                        </results>
                      </test-suite>
                    </results>
                  </test-suite>
                  <test-suite type="Namespace" name="Support" executed="True" result="Success" success="True" time="0.016" asserts="0">
                    <results>
                      <test-suite type="Namespace" name="Converter" executed="True" result="Success" success="True" time="0.000" asserts="0">
                        <results>
                          <test-suite type="TestFixture" name="TypeMapperTests" executed="True" result="Success" success="True" time="0.000" asserts="0">
                            <results>
                              <test-case name="Spring.Messaging.Nms.Support.Converter.TypeMapperTests.ConfigurationNamespaceTests" executed="True" result="Success" success="True" time="0.000" asserts="0" />
                              <test-case name="Spring.Messaging.Nms.Support.Converter.TypeMapperTests.FromTypeForNonRegisteredType" executed="True" result="Success" success="True" time="0.000" asserts="1" />
                              <test-case name="Spring.Messaging.Nms.Support.Converter.TypeMapperTests.FromTypeTestsForDictionary" executed="True" result="Success" success="True" time="0.000" asserts="1" />
                              <test-case name="Spring.Messaging.Nms.Support.Converter.TypeMapperTests.MarhsalUsingAssemblyQualifiedName" executed="True" result="Success" success="True" time="0.000" asserts="1" />
                              <test-case name="Spring.Messaging.Nms.Support.Converter.TypeMapperTests.ToTypeForDictionary" executed="True" result="Success" success="True" time="0.000" asserts="1" />
                              <test-case name="Spring.Messaging.Nms.Support.Converter.TypeMapperTests.ToTypeForNonRegisteredTypeSettingDefaults" executed="True" result="Success" success="True" time="0.000" asserts="1" />
                              <test-case name="Spring.Messaging.Nms.Support.Converter.TypeMapperTests.ToTypeForUnresolvableType" executed="True" result="Success" success="True" time="0.000" asserts="0" />
                              <test-case name="Spring.Messaging.Nms.Support.Converter.TypeMapperTests.UsingTypeMappings" executed="True" result="Success" success="True" time="0.000" asserts="2" />
                            </results>
                          </test-suite>
                        </results>
                      </test-suite>
                    </results>
                  </test-suite>
                </results>
              </test-suite>
            </results>
          </test-suite>
          <test-suite type="TestFixture" name="NmsCompilerOptionTests" executed="True" result="Success" success="True" time="0.000" asserts="0">
            <results>
              <test-case name="Spring.NmsCompilerOptionTests.CompilerOptionsTests.TestBuildCompliance" executed="True" result="Success" success="True" time="0.000" asserts="0" />
            </results>
          </test-suite>
          <test-suite type="TestFixture" name="NmsExceptionTests" executed="True" result="Success" success="True" time="0.016" asserts="0">
            <results>
              <test-case name="Spring.NmsExceptionTests.ExceptionsTest.TestStandardsCompliance" executed="True" result="Success" success="True" time="0.016" asserts="155" />
              <test-case name="Spring.NmsExceptionTests.ExceptionsTest.TestThisTest" executed="True" result="Success" success="True" time="0.000" asserts="0" />
            </results>
          </test-suite>
        </results>
      </test-suite>
    </results>
  </test-suite>
</test-results>