<?xml version="1.0" encoding="utf-8" standalone="no"?>
<!--This file represents the results of running a test suite-->
<test-results name="Spring.Web.Mvc3.Tests.dll" total="7" errors="0" failures="0" not-run="0" inconclusive="0" ignored="0" skipped="0" invalid="0" date="2011-07-24" time="11:34:28">
  <environment nunit-version="2.5.7.10213" clr-version="2.0.50727.3620" os-version="Microsoft Windows NT 5.2.3790 Service Pack 2" platform="Win32NT" cwd="F:\bamboo-home\xml-data\build-dir\SPRNET-DAILY-JOB1\build\net\4.0\release" machine-name="NEWYORK" user="bamboo-agent" user-domain="NEWYORK" />
  <culture-info current-culture="en-US" current-uiculture="en-US" />
  <test-suite type="Assembly" name="Spring.Web.Mvc3.Tests.dll" executed="True" result="Success" success="True" time="1.078" asserts="0">
    <results>
      <test-suite type="Namespace" name="Spring" executed="True" result="Success" success="True" time="1.063" asserts="0">
        <results>
          <test-suite type="Namespace" name="Web" executed="True" result="Success" success="True" time="1.063" asserts="0">
            <results>
              <test-suite type="Namespace" name="Mvc" executed="True" result="Success" success="True" time="1.063" asserts="0">
                <results>
                  <test-suite type="Namespace" name="Tests" executed="True" result="Success" success="True" time="1.063" asserts="0">
                    <results>
                      <test-suite type="TestFixture" name="SpringMvcDependencyResolverTests" executed="True" result="Success" success="True" time="1.063" asserts="0">
                        <results>
                          <test-case name="Spring.Web.Mvc.Tests.SpringMvcDependencyResolverTests.CanReturnCollectionOfTypes" executed="True" result="Success" success="True" time="1.016" asserts="1" />
                          <test-case name="Spring.Web.Mvc.Tests.SpringMvcDependencyResolverTests.CanUseNamedContextToResolveType" executed="True" result="Success" success="True" time="0.000" asserts="1" />
                          <test-case name="Spring.Web.Mvc.Tests.SpringMvcDependencyResolverTests.CanUseUnnamedContextToResolveType" executed="True" result="Success" success="True" time="0.016" asserts="2" />
                          <test-case name="Spring.Web.Mvc.Tests.SpringMvcDependencyResolverTests.RequestForCollectionOfUndefinedTypesReturnsEmptyCollection" executed="True" result="Success" success="True" time="0.000" asserts="1" />
                          <test-case name="Spring.Web.Mvc.Tests.SpringMvcDependencyResolverTests.RequestForNullTypeReturnsNull" executed="True" result="Success" success="True" time="0.000" asserts="1" />
                          <test-case name="Spring.Web.Mvc.Tests.SpringMvcDependencyResolverTests.RequestForSingleInstanceOfMultiplyRegisteredTypeReturnsFirstDefinition" executed="True" result="Success" success="True" time="0.016" asserts="1" />
                          <test-case name="Spring.Web.Mvc.Tests.SpringMvcDependencyResolverTests.RequestForSingleUndefinedTypeReturnsNull" executed="True" result="Success" success="True" time="0.000" asserts="1" />
                        </results>
                      </test-suite>
                    </results>
                  </test-suite>
                </results>
              </test-suite>
            </results>
          </test-suite>
        </results>
      </test-suite>
    </results>
  </test-suite>
</test-results>