<?xml version="1.0" encoding="utf-8" standalone="no"?>
<!--This file represents the results of running a test suite-->
<test-results name="Spring.Core.Tests.dll" total="2502" errors="0" failures="0" not-run="20" inconclusive="0" ignored="20" skipped="0" invalid="0" date="2011-07-24" time="11:33:04">
  <environment nunit-version="2.5.7.10213" clr-version="2.0.50727.3620" os-version="Microsoft Windows NT 5.2.3790 Service Pack 2" platform="Win32NT" cwd="F:\bamboo-home\xml-data\build-dir\SPRNET-DAILY-JOB1\build\net\4.0\release" machine-name="NEWYORK" user="bamboo-agent" user-domain="NEWYORK" />
  <culture-info current-culture="en-US" current-uiculture="en-US" />
  <test-suite type="Assembly" name="Spring.Core.Tests.dll" executed="True" result="Success" success="True" time="20.313" asserts="0">
    <results>
      <test-suite type="Namespace" name="Spring" executed="True" result="Success" success="True" time="20.297" asserts="0">
        <results>
          <test-suite type="Namespace" name="Caching" executed="True" result="Success" success="True" time="0.500" asserts="0">
            <results>
              <test-suite type="TestFixture" name="AbstractCacheTests" executed="True" result="Success" success="True" time="0.234" asserts="0">
                <results>
                  <test-case name="Spring.Caching.AbstractCacheTests.AppliesPerCacheDefaultsIfEnfored" executed="True" result="Success" success="True" time="0.203" asserts="0" />
                  <test-case name="Spring.Caching.AbstractCacheTests.AppliesPerCacheDefaultsIfNoPerItemValuesGiven" executed="True" result="Success" success="True" time="0.000" asserts="0" />
                  <test-case name="Spring.Caching.AbstractCacheTests.AppliesPerCacheDefaultsIfTTLLessThanZero" executed="True" result="Success" success="True" time="0.016" asserts="0" />
                  <test-case name="Spring.Caching.AbstractCacheTests.AppliesPerItemTTLIfTTLGreaterZero" executed="True" result="Success" success="True" time="0.000" asserts="0" />
                  <test-case name="Spring.Caching.AbstractCacheTests.AppliesZeroTTLIfTTLIsZero" executed="True" result="Success" success="True" time="0.000" asserts="0" />
                  <test-case name="Spring.Caching.AbstractCacheTests.ClearCausesCallToRemoveAllUsingKeys" executed="True" result="Success" success="True" time="0.000" asserts="0" />
                  <test-case name="Spring.Caching.AbstractCacheTests.CountUsingKeys" executed="True" result="Success" success="True" time="0.016" asserts="1" />
                  <test-case name="Spring.Caching.AbstractCacheTests.RemoveAllCausesCallsToRemove" executed="True" result="Success" success="True" time="0.000" asserts="0" />
                  <test-case name="Spring.Caching.AbstractCacheTests.TestDefaults" executed="True" result="Success" success="True" time="0.000" asserts="2" />
                </results>
              </test-suite>
              <test-suite type="TestFixture" name="BaseCacheAttributeTests" executed="True" result="Success" success="True" time="0.266" asserts="0">
                <results>
                  <test-case name="Spring.Caching.BaseCacheAttributeTests.AllowsForExtendedTimeSpanConverterSyntax" executed="True" result="Success" success="True" time="0.063" asserts="1" />
                  <test-case name="Spring.Caching.BaseCacheAttributeTests.CacheNameIsSet" executed="True" result="Success" success="True" time="0.000" asserts="1" />
                  <test-case name="Spring.Caching.BaseCacheAttributeTests.ConditionIsParsed" executed="True" result="Success" success="True" time="0.203" asserts="1" />
                  <test-case name="Spring.Caching.BaseCacheAttributeTests.KeyCannotBeEmptyString" executed="True" result="Success" success="True" time="0.000" asserts="0" />
                  <test-case name="Spring.Caching.BaseCacheAttributeTests.KeyCannotBeNull" executed="True" result="Success" success="True" time="0.000" asserts="0" />
                  <test-case name="Spring.Caching.BaseCacheAttributeTests.KeyIsParsed" executed="True" result="Success" success="True" time="0.000" asserts="1" />
                </results>
              </test-suite>
            </results>
          </test-suite>
          <test-suite type="Namespace" name="Collections" executed="True" result="Success" success="True" time="0.250" asserts="0">
            <results>
              <test-suite type="TestFixture" name="AbstractQueueTests" executed="True" result="Success" success="True" time="0.016" asserts="0">
                <results>
                  <test-case name="Spring.Collections.AbstractQueueTests.AddAll1" executed="True" result="Success" success="True" time="0.000" asserts="0" />
                  <test-case name="Spring.Collections.AbstractQueueTests.AddAllSelf" executed="True" result="Success" success="True" time="0.000" asserts="0" />
                  <test-case name="Spring.Collections.AbstractQueueTests.AddFail" executed="True" result="Success" success="True" time="0.000" asserts="0" />
                  <test-case name="Spring.Collections.AbstractQueueTests.AddNPE" executed="True" result="Success" success="True" time="0.000" asserts="0" />
                  <test-case name="Spring.Collections.AbstractQueueTests.AddSucceed" executed="True" result="Success" success="True" time="0.000" asserts="1" />
                  <test-case name="Spring.Collections.AbstractQueueTests.ElementF" executed="True" result="Success" success="True" time="0.016" asserts="0" />
                  <test-case name="Spring.Collections.AbstractQueueTests.ElementSucceed" executed="True" result="Success" success="True" time="0.000" asserts="0" />
                  <test-case name="Spring.Collections.AbstractQueueTests.RemoveFail" executed="True" result="Success" success="True" time="0.000" asserts="0" />
                  <test-case name="Spring.Collections.AbstractQueueTests.RemoveSucceed" executed="True" result="Success" success="True" time="0.000" asserts="0" />
                </results>
              </test-suite>
              <test-suite type="TestFixture" name="CaseInsensitiveHashtableTests" executed="True" result="Success" success="True" time="0.000" asserts="0">
                <results>
                  <test-case name="Spring.Collections.CaseInsensitiveHashtableTests.AcceptsNonStringKeys" executed="True" result="Success" success="True" time="0.000" asserts="3" />
                  <test-case name="Spring.Collections.CaseInsensitiveHashtableTests.IgnoresCase" executed="True" result="Success" success="True" time="0.000" asserts="3" />
                  <test-case name="Spring.Collections.CaseInsensitiveHashtableTests.InitializeFromOtherCopiesValues" executed="True" result="Success" success="True" time="0.000" asserts="3" />
                  <test-case name="Spring.Collections.CaseInsensitiveHashtableTests.IsSerializable" executed="True" result="Success" success="True" time="0.000" asserts="3" />
                </results>
              </test-suite>
              <test-suite type="Namespace" name="Generic" executed="True" result="Success" success="True" time="0.016" asserts="0">
                <results>
                  <test-suite type="TestFixture" name="ReadOnlyDictionaryTests" executed="True" result="Success" success="True" time="0.016" asserts="0">
                    <results>
                      <test-case name="Spring.Collections.Generic.ReadOnlyDictionaryTests.Exceptions" executed="True" result="Success" success="True" time="0.016" asserts="0" />
                      <test-case name="Spring.Collections.Generic.ReadOnlyDictionaryTests.TestSunnyDay" executed="True" result="Success" success="True" time="0.000" asserts="4" />
                    </results>
                  </test-suite>
                </results>
              </test-suite>
              <test-suite type="TestFixture" name="HashedSetTests" executed="True" result="Success" success="True" time="0.016" asserts="0">
                <results>
                  <test-case name="Spring.Collections.HashedSetTests.SetTests.Add" executed="True" result="Success" success="True" time="0.000" asserts="2" />
                  <test-case name="Spring.Collections.HashedSetTests.SetTests.AddAll" executed="True" result="Success" success="True" time="0.000" asserts="2" />
                  <test-case name="Spring.Collections.HashedSetTests.SetTests.AddAllDuplicated" executed="True" result="Success" success="True" time="0.000" asserts="2" />
                  <test-case name="Spring.Collections.HashedSetTests.SetTests.AddDuplicate" executed="True" result="Success" success="True" time="0.000" asserts="2" />
                  <test-case name="Spring.Collections.HashedSetTests.SetTests.AddNull" executed="True" result="Success" success="True" time="0.000" asserts="5" />
                  <test-case name="Spring.Collections.HashedSetTests.SetTests.Clear" executed="True" result="Success" success="True" time="0.000" asserts="1" />
                  <test-case name="Spring.Collections.HashedSetTests.SetTests.Contains" executed="True" result="Success" success="True" time="0.000" asserts="2" />
                  <test-case name="Spring.Collections.HashedSetTests.SetTests.ContainsAll" executed="True" result="Success" success="True" time="0.000" asserts="1" />
                  <test-case name="Spring.Collections.HashedSetTests.SetTests.CopiesNull" executed="True" result="Success" success="True" time="0.000" asserts="1" />
                  <test-case name="Spring.Collections.HashedSetTests.SetTests.EnumeratesNull" executed="True" result="Success" success="True" time="0.000" asserts="1" />
                  <test-case name="Spring.Collections.HashedSetTests.SetTests.ExclusiveOr" executed="True" result="Success" success="True" time="0.000" asserts="5" />
                  <test-case name="Spring.Collections.HashedSetTests.SetTests.Intersect" executed="True" result="Success" success="True" time="0.016" asserts="4" />
                  <test-case name="Spring.Collections.HashedSetTests.SetTests.IsEmpty" executed="True" result="Success" success="True" time="0.000" asserts="1" />
                  <test-case name="Spring.Collections.HashedSetTests.SetTests.Minus" executed="True" result="Success" success="True" time="0.000" asserts="4" />
                  <test-case name="Spring.Collections.HashedSetTests.SetTests.Remove" executed="True" result="Success" success="True" time="0.000" asserts="4" />
                  <test-case name="Spring.Collections.HashedSetTests.SetTests.RemoveAll" executed="True" result="Success" success="True" time="0.000" asserts="4" />
                  <test-case name="Spring.Collections.HashedSetTests.SetTests.RemoveNull" executed="True" result="Success" success="True" time="0.000" asserts="2" />
                  <test-case name="Spring.Collections.HashedSetTests.SetTests.RetainAll" executed="True" result="Success" success="True" time="0.000" asserts="4" />
                  <test-case name="Spring.Collections.HashedSetTests.SetTests.Union" executed="True" result="Success" success="True" time="0.000" asserts="4" />
                </results>
              </test-suite>
              <test-suite type="TestFixture" name="HybridSetTests" executed="True" result="Success" success="True" time="0.016" asserts="0">
                <results>
                  <test-case name="Spring.Collections.HybridSetTests.SetTests.Add" executed="True" result="Success" success="True" time="0.000" asserts="2" />
                  <test-case name="Spring.Collections.HybridSetTests.SetTests.AddAll" executed="True" result="Success" success="True" time="0.000" asserts="2" />
                  <test-case name="Spring.Collections.HybridSetTests.SetTests.AddAllDuplicated" executed="True" result="Success" success="True" time="0.000" asserts="2" />
                  <test-case name="Spring.Collections.HybridSetTests.SetTests.AddDuplicate" executed="True" result="Success" success="True" time="0.000" asserts="2" />
                  <test-case name="Spring.Collections.HybridSetTests.SetTests.AddNull" executed="True" result="Success" success="True" time="0.000" asserts="5" />
                  <test-case name="Spring.Collections.HybridSetTests.SetTests.Clear" executed="True" result="Success" success="True" time="0.000" asserts="1" />
                  <test-case name="Spring.Collections.HybridSetTests.SetTests.Contains" executed="True" result="Success" success="True" time="0.000" asserts="2" />
                  <test-case name="Spring.Collections.HybridSetTests.SetTests.ContainsAll" executed="True" result="Success" success="True" time="0.000" asserts="1" />
                  <test-case name="Spring.Collections.HybridSetTests.SetTests.CopiesNull" executed="True" result="Success" success="True" time="0.000" asserts="1" />
                  <test-case name="Spring.Collections.HybridSetTests.SetTests.EnumeratesNull" executed="True" result="Success" success="True" time="0.000" asserts="1" />
                  <test-case name="Spring.Collections.HybridSetTests.SetTests.ExclusiveOr" executed="True" result="Success" success="True" time="0.000" asserts="5" />
                  <test-case name="Spring.Collections.HybridSetTests.SetTests.Intersect" executed="True" result="Success" success="True" time="0.000" asserts="4" />
                  <test-case name="Spring.Collections.HybridSetTests.SetTests.IsEmpty" executed="True" result="Success" success="True" time="0.000" asserts="1" />
                  <test-case name="Spring.Collections.HybridSetTests.SetTests.Minus" executed="True" result="Success" success="True" time="0.000" asserts="4" />
                  <test-case name="Spring.Collections.HybridSetTests.SetTests.Remove" executed="True" result="Success" success="True" time="0.000" asserts="4" />
                  <test-case name="Spring.Collections.HybridSetTests.SetTests.RemoveAll" executed="True" result="Success" success="True" time="0.000" asserts="4" />
                  <test-case name="Spring.Collections.HybridSetTests.SetTests.RemoveNull" executed="True" result="Success" success="True" time="0.000" asserts="2" />
                  <test-case name="Spring.Collections.HybridSetTests.SetTests.RetainAll" executed="True" result="Success" success="True" time="0.000" asserts="4" />
                  <test-case name="Spring.Collections.HybridSetTests.SetTests.Union" executed="True" result="Success" success="True" time="0.000" asserts="4" />
                </results>
              </test-suite>
              <test-suite type="TestFixture" name="ImmutableSetTests" executed="True" result="Success" success="True" time="0.000" asserts="0">
                <results>
                  <test-case name="Spring.Collections.ImmutableSetTests.Add" executed="True" result="Success" success="True" time="0.000" asserts="0" />
                  <test-case name="Spring.Collections.ImmutableSetTests.AddAll" executed="True" result="Success" success="True" time="0.000" asserts="0" />
                  <test-case name="Spring.Collections.ImmutableSetTests.Clear" executed="True" result="Success" success="True" time="0.000" asserts="0" />
                  <test-case name="Spring.Collections.ImmutableSetTests.ClonedInstanceMustStillBeImmutable" executed="True" result="Success" success="True" time="0.000" asserts="0" />
                  <test-case name="Spring.Collections.ImmutableSetTests.Contains" executed="True" result="Success" success="True" time="0.000" asserts="2" />
                  <test-case name="Spring.Collections.ImmutableSetTests.ContainsAll" executed="True" result="Success" success="True" time="0.000" asserts="2" />
                  <test-case name="Spring.Collections.ImmutableSetTests.CopyTo" executed="True" result="Success" success="True" time="0.000" asserts="4" />
                  <test-case name="Spring.Collections.ImmutableSetTests.EnumeratesOk" executed="True" result="Success" success="True" time="0.000" asserts="3" />
                  <test-case name="Spring.Collections.ImmutableSetTests.ExclusiveOrYieldsImmutableCone" executed="True" result="Success" success="True" time="0.000" asserts="2" />
                  <test-case name="Spring.Collections.ImmutableSetTests.IntersectionYieldsImmutableCone" executed="True" result="Success" success="True" time="0.000" asserts="2" />
                  <test-case name="Spring.Collections.ImmutableSetTests.IsEmpty" executed="True" result="Success" success="True" time="0.000" asserts="2" />
                  <test-case name="Spring.Collections.ImmutableSetTests.MinusYieldsImmutableCone" executed="True" result="Success" success="True" time="0.000" asserts="2" />
                  <test-case name="Spring.Collections.ImmutableSetTests.Remove" executed="True" result="Success" success="True" time="0.000" asserts="0" />
                  <test-case name="Spring.Collections.ImmutableSetTests.RemoveAll" executed="True" result="Success" success="True" time="0.000" asserts="0" />
                  <test-case name="Spring.Collections.ImmutableSetTests.RetainAll" executed="True" result="Success" success="True" time="0.000" asserts="0" />
                  <test-case name="Spring.Collections.ImmutableSetTests.UnionYieldsImmutableCone" executed="True" result="Success" success="True" time="0.000" asserts="2" />
                </results>
              </test-suite>
              <test-suite type="TestFixture" name="LinkedListTests" executed="True" result="Success" success="True" time="0.016" asserts="0">
                <results>
                  <test-case name="Spring.Collections.LinkedListTests.AddMultipleObjects" executed="True" result="Success" success="True" time="0.000" asserts="3" />
                  <test-case name="Spring.Collections.LinkedListTests.ConstructorWithIList" executed="True" result="Success" success="True" time="0.000" asserts="3" />
                  <test-case name="Spring.Collections.LinkedListTests.Contains" executed="True" result="Success" success="True" time="0.000" asserts="6" />
                  <test-case name="Spring.Collections.LinkedListTests.CopyToWithIndexGreaterThanArrayLength" executed="True" result="Success" success="True" time="0.000" asserts="0" />
                  <test-case name="Spring.Collections.LinkedListTests.CopyToWithInsufficientSizeArray" executed="True" result="Success" success="True" time="0.000" asserts="0" />
                  <test-case name="Spring.Collections.LinkedListTests.CopyToWithNegativeIndex" executed="True" result="Success" success="True" time="0.000" asserts="0" />
                  <test-case name="Spring.Collections.LinkedListTests.CopyToWithNonZeroIndex" executed="True" result="Success" success="True" time="0.000" asserts="5" />
                  <test-case name="Spring.Collections.LinkedListTests.CopyToWithNullArray" executed="True" result="Success" success="True" time="0.000" asserts="0" />
                  <test-case name="Spring.Collections.LinkedListTests.CopyToWithZeroIndex" executed="True" result="Success" success="True" time="0.000" asserts="3" />
                  <test-case name="Spring.Collections.LinkedListTests.Enumerator" executed="True" result="Success" success="True" time="0.000" asserts="4" />
                  <test-case name="Spring.Collections.LinkedListTests.EnumeratorModification" executed="True" result="Success" success="True" time="0.000" asserts="1" />
                  <test-case name="Spring.Collections.LinkedListTests.IndexOfObject" executed="True" result="Success" success="True" time="0.000" asserts="1" />
                  <test-case name="Spring.Collections.LinkedListTests.Insert" executed="True" result="Success" success="True" time="0.000" asserts="4" />
                  <test-case name="Spring.Collections.LinkedListTests.RemoveAt" executed="True" result="Success" success="True" time="0.000" asserts="3" />
                  <test-case name="Spring.Collections.LinkedListTests.RemoveAtOnEmptyLinkedList" executed="True" result="Success" success="True" time="0.000" asserts="0" />
                  <test-case name="Spring.Collections.LinkedListTests.RemoveObject" executed="True" result="Success" success="True" time="0.000" asserts="3" />
                </results>
              </test-suite>
              <test-suite type="TestFixture" name="ListSetTests" executed="True" result="Success" success="True" time="0.016" asserts="0">
                <results>
                  <test-case name="Spring.Collections.ListSetTests.SetTests.Add" executed="True" result="Success" success="True" time="0.000" asserts="2" />
                  <test-case name="Spring.Collections.ListSetTests.SetTests.AddAll" executed="True" result="Success" success="True" time="0.000" asserts="2" />
                  <test-case name="Spring.Collections.ListSetTests.SetTests.AddAllDuplicated" executed="True" result="Success" success="True" time="0.000" asserts="2" />
                  <test-case name="Spring.Collections.ListSetTests.SetTests.AddDuplicate" executed="True" result="Success" success="True" time="0.000" asserts="2" />
                  <test-case name="Spring.Collections.ListSetTests.SetTests.AddNull" executed="True" result="Success" success="True" time="0.000" asserts="5" />
                  <test-case name="Spring.Collections.ListSetTests.SetTests.Clear" executed="True" result="Success" success="True" time="0.000" asserts="1" />
                  <test-case name="Spring.Collections.ListSetTests.SetTests.Contains" executed="True" result="Success" success="True" time="0.000" asserts="2" />
                  <test-case name="Spring.Collections.ListSetTests.SetTests.ContainsAll" executed="True" result="Success" success="True" time="0.000" asserts="1" />
                  <test-case name="Spring.Collections.ListSetTests.SetTests.CopiesNull" executed="True" result="Success" success="True" time="0.000" asserts="1" />
                  <test-case name="Spring.Collections.ListSetTests.SetTests.EnumeratesNull" executed="True" result="Success" success="True" time="0.000" asserts="1" />
                  <test-case name="Spring.Collections.ListSetTests.SetTests.ExclusiveOr" executed="True" result="Success" success="True" time="0.000" asserts="5" />
                  <test-case name="Spring.Collections.ListSetTests.SetTests.Intersect" executed="True" result="Success" success="True" time="0.000" asserts="4" />
                  <test-case name="Spring.Collections.ListSetTests.SetTests.IsEmpty" executed="True" result="Success" success="True" time="0.000" asserts="1" />
                  <test-case name="Spring.Collections.ListSetTests.SetTests.Minus" executed="True" result="Success" success="True" time="0.000" asserts="4" />
                  <test-case name="Spring.Collections.ListSetTests.SetTests.Remove" executed="True" result="Success" success="True" time="0.000" asserts="4" />
                  <test-case name="Spring.Collections.ListSetTests.SetTests.RemoveAll" executed="True" result="Success" success="True" time="0.000" asserts="4" />
                  <test-case name="Spring.Collections.ListSetTests.SetTests.RemoveNull" executed="True" result="Success" success="True" time="0.000" asserts="2" />
                  <test-case name="Spring.Collections.ListSetTests.SetTests.RetainAll" executed="True" result="Success" success="True" time="0.000" asserts="4" />
                  <test-case name="Spring.Collections.ListSetTests.SetTests.Union" executed="True" result="Success" success="True" time="0.000" asserts="4" />
                </results>
              </test-suite>
              <test-suite type="TestFixture" name="PriorityQueueTests" executed="True" result="Success" success="True" time="0.047" asserts="0">
                <results>
                  <test-case name="Spring.Collections.PriorityQueueTests.AddAllWithCollection" executed="True" result="Success" success="True" time="0.000" asserts="22" />
                  <test-case name="Spring.Collections.PriorityQueueTests.AddAllWithCollectionWithNullElements" executed="True" result="Success" success="True" time="0.000" asserts="0" />
                  <test-case name="Spring.Collections.PriorityQueueTests.AddAllWithCollectionWithSomeNullElements" executed="True" result="Success" success="True" time="0.000" asserts="0" />
                  <test-case name="Spring.Collections.PriorityQueueTests.AddAllWithNullElements" executed="True" result="Success" success="True" time="0.000" asserts="0" />
                  <test-case name="Spring.Collections.PriorityQueueTests.AddWithComparableElements" executed="True" result="Success" success="True" time="0.000" asserts="40" />
                  <test-case name="Spring.Collections.PriorityQueueTests.AddWithNullObject" executed="True" result="Success" success="True" time="0.000" asserts="0" />
                  <test-case name="Spring.Collections.PriorityQueueTests.Clear" executed="True" result="Success" success="True" time="0.000" asserts="27" />
                  <test-case name="Spring.Collections.PriorityQueueTests.CompleteQueueCopyToArrayWithValidSize" executed="True" result="Success" success="True" time="0.000" asserts="43" />
                  <test-case name="Spring.Collections.PriorityQueueTests.ConstructorFromExistingCollection" executed="True" result="Success" success="True" time="0.016" asserts="21" />
                  <test-case name="Spring.Collections.PriorityQueueTests.ConstructorUsingComparator" executed="True" result="Success" success="True" time="0.000" asserts="22" />
                  <test-case name="Spring.Collections.PriorityQueueTests.Contains" executed="True" result="Success" success="True" time="0.000" asserts="63" />
                  <test-case name="Spring.Collections.PriorityQueueTests.ContainsAll" executed="True" result="Success" success="True" time="0.000" asserts="64" />
                  <test-case name="Spring.Collections.PriorityQueueTests.CreateUnboundedQueue" executed="True" result="Success" success="True" time="0.000" asserts="1" />
                  <test-case name="Spring.Collections.PriorityQueueTests.Element" executed="True" result="Success" success="True" time="0.000" asserts="43" />
                  <test-case name="Spring.Collections.PriorityQueueTests.IsEmpty" executed="True" result="Success" success="True" time="0.000" asserts="3" />
                  <test-case name="Spring.Collections.PriorityQueueTests.Iterator" executed="True" result="Success" success="True" time="0.000" asserts="44" />
                  <test-case name="Spring.Collections.PriorityQueueTests.OfferNonComparable" executed="True" result="Success" success="True" time="0.000" asserts="0" />
                  <test-case name="Spring.Collections.PriorityQueueTests.OfferWithComparableElements" executed="True" result="Success" success="True" time="0.000" asserts="2" />
                  <test-case name="Spring.Collections.PriorityQueueTests.OfferWithNullObject" executed="True" result="Success" success="True" time="0.000" asserts="0" />
                  <test-case name="Spring.Collections.PriorityQueueTests.PartialQueueCopyToArrayWithValidSize" executed="True" result="Success" success="True" time="0.000" asserts="43" />
                  <test-case name="Spring.Collections.PriorityQueueTests.Peek" executed="True" result="Success" success="True" time="0.000" asserts="64" />
                  <test-case name="Spring.Collections.PriorityQueueTests.Poll" executed="True" result="Success" success="True" time="0.000" asserts="44" />
                  <test-case name="Spring.Collections.PriorityQueueTests.QueueCopyToArrayWithIndexOutOfDestinationArrayRange" executed="True" result="Success" success="True" time="0.000" asserts="23" />
                  <test-case name="Spring.Collections.PriorityQueueTests.QueueCopyToArrayWithSmallerDestinationArray" executed="True" result="Success" success="True" time="0.000" asserts="23" />
                  <test-case name="Spring.Collections.PriorityQueueTests.QueueCopyToArrayWithValidSizeButInvalidStartingIndex" executed="True" result="Success" success="True" time="0.000" asserts="23" />
                  <test-case name="Spring.Collections.PriorityQueueTests.Remove" executed="True" result="Success" success="True" time="0.000" asserts="43" />
                  <test-case name="Spring.Collections.PriorityQueueTests.RemoveAll" executed="True" result="Success" success="True" time="0.016" asserts="893" />
                  <test-case name="Spring.Collections.PriorityQueueTests.RemoveElement" executed="True" result="Success" success="True" time="0.000" asserts="54" />
                  <test-case name="Spring.Collections.PriorityQueueTests.Serialization" executed="True" result="Success" success="True" time="0.000" asserts="44" />
                  <test-case name="Spring.Collections.PriorityQueueTests.Size" executed="True" result="Success" success="True" time="0.000" asserts="63" />
                  <test-case name="Spring.Collections.PriorityQueueTests.ThrowsArgumentExceptionForZeroCapacity" executed="True" result="Success" success="True" time="0.000" asserts="0" />
                  <test-case name="Spring.Collections.PriorityQueueTests.ThrowsArgumentNullExceptionForNullCollection" executed="True" result="Success" success="True" time="0.000" asserts="0" />
                  <test-case name="Spring.Collections.PriorityQueueTests.ThrowsArgumentNullExceptionForNullCollectionElements" executed="True" result="Success" success="True" time="0.000" asserts="0" />
                  <test-case name="Spring.Collections.PriorityQueueTests.ThrowsArgumentNullExceptionForSomeNullCollectionElements" executed="True" result="Success" success="True" time="0.000" asserts="0" />
                  <test-case name="Spring.Collections.PriorityQueueTests.ToArrayNonObject" executed="True" result="Success" success="True" time="0.000" asserts="43" />
                  <test-case name="Spring.Collections.PriorityQueueTests.ToArrayObject" executed="True" result="Success" success="True" time="0.000" asserts="43" />
                </results>
              </test-suite>
              <test-suite type="TestFixture" name="SortedSetTests" executed="True" result="Success" success="True" time="0.016" asserts="0">
                <results>
                  <test-case name="Spring.Collections.SortedSetTests.IsOrdered" executed="True" result="Success" success="True" time="0.000" asserts="6" />
                  <test-case name="Spring.Collections.SortedSetTests.SetTests.Add" executed="True" result="Success" success="True" time="0.000" asserts="2" />
                  <test-case name="Spring.Collections.SortedSetTests.SetTests.AddAll" executed="True" result="Success" success="True" time="0.000" asserts="2" />
                  <test-case name="Spring.Collections.SortedSetTests.SetTests.AddAllDuplicated" executed="True" result="Success" success="True" time="0.000" asserts="2" />
                  <test-case name="Spring.Collections.SortedSetTests.SetTests.AddDuplicate" executed="True" result="Success" success="True" time="0.000" asserts="2" />
                  <test-case name="Spring.Collections.SortedSetTests.SetTests.AddNull" executed="True" result="Success" success="True" time="0.000" asserts="0" />
                  <test-case name="Spring.Collections.SortedSetTests.SetTests.Clear" executed="True" result="Success" success="True" time="0.000" asserts="1" />
                  <test-case name="Spring.Collections.SortedSetTests.SetTests.Contains" executed="True" result="Success" success="True" time="0.000" asserts="2" />
                  <test-case name="Spring.Collections.SortedSetTests.SetTests.ContainsAll" executed="True" result="Success" success="True" time="0.000" asserts="1" />
                  <test-case name="Spring.Collections.SortedSetTests.SetTests.CopiesNull" executed="True" result="Success" success="True" time="0.000" asserts="0" />
                  <test-case name="Spring.Collections.SortedSetTests.SetTests.EnumeratesNull" executed="True" result="Success" success="True" time="0.000" asserts="0" />
                  <test-case name="Spring.Collections.SortedSetTests.SetTests.ExclusiveOr" executed="True" result="Success" success="True" time="0.000" asserts="5" />
                  <test-case name="Spring.Collections.SortedSetTests.SetTests.Intersect" executed="True" result="Success" success="True" time="0.000" asserts="4" />
                  <test-case name="Spring.Collections.SortedSetTests.SetTests.IsEmpty" executed="True" result="Success" success="True" time="0.000" asserts="1" />
                  <test-case name="Spring.Collections.SortedSetTests.SetTests.Minus" executed="True" result="Success" success="True" time="0.000" asserts="4" />
                  <test-case name="Spring.Collections.SortedSetTests.SetTests.Remove" executed="True" result="Success" success="True" time="0.000" asserts="4" />
                  <test-case name="Spring.Collections.SortedSetTests.SetTests.RemoveAll" executed="True" result="Success" success="True" time="0.000" asserts="4" />
                  <test-case name="Spring.Collections.SortedSetTests.SetTests.RemoveNull" executed="True" result="Success" success="True" time="0.000" asserts="0" />
                  <test-case name="Spring.Collections.SortedSetTests.SetTests.RetainAll" executed="True" result="Success" success="True" time="0.000" asserts="4" />
                  <test-case name="Spring.Collections.SortedSetTests.SetTests.Union" executed="True" result="Success" success="True" time="0.000" asserts="4" />
                </results>
              </test-suite>
              <test-suite type="TestFixture" name="StaticSetTests" executed="True" result="Success" success="True" time="0.000" asserts="0">
                <results>
                  <test-case name="Spring.Collections.StaticSetTests.Intersect" executed="True" result="Success" success="True" time="0.000" asserts="12" />
                  <test-case name="Spring.Collections.StaticSetTests.Minus" executed="True" result="Success" success="True" time="0.000" asserts="10" />
                  <test-case name="Spring.Collections.StaticSetTests.Union" executed="True" result="Success" success="True" time="0.000" asserts="12" />
                  <test-case name="Spring.Collections.StaticSetTests.Xor" executed="True" result="Success" success="True" time="0.000" asserts="12" />
                </results>
              </test-suite>
              <test-suite type="TestFixture" name="SynchronizedHashtableTests" executed="True" result="Success" success="True" time="0.016" asserts="0">
                <results>
                  <test-case name="Spring.Collections.SynchronizedHashtableTests.BehavesLikeHashtable" executed="True" result="Success" success="True" time="0.000" asserts="4" />
                  <test-case name="Spring.Collections.SynchronizedHashtableTests.DefaultsToCaseSensitive" executed="True" result="Success" success="True" time="0.000" asserts="1" />
                  <test-case name="Spring.Collections.SynchronizedHashtableTests.IgnoreCaseIgnoresCase" executed="True" result="Success" success="True" time="0.000" asserts="3" />
                  <test-case name="Spring.Collections.SynchronizedHashtableTests.InitializeFromOtherCopiesValues" executed="True" result="Success" success="True" time="0.000" asserts="3" />
                  <test-case name="Spring.Collections.SynchronizedHashtableTests.WrapKeepsOriginalHashtableReference" executed="True" result="Success" success="True" time="0.000" asserts="3" />
                </results>
              </test-suite>
            </results>
          </test-suite>
          <test-suite type="Namespace" name="Context" executed="True" result="Success" success="True" time="2.313" asserts="0">
            <results>
              <test-suite type="TestFixture" name="ApplicationEventArgsTests" executed="True" result="Success" success="True" time="0.016" asserts="0">
                <results>
                  <test-case name="Spring.Context.ApplicationEventArgsTests.ArgsMilliTimestamp" executed="True" result="Success" success="True" time="0.000" asserts="1" />
                  <test-case name="Spring.Context.ApplicationEventArgsTests.ArgsTimeStamp" executed="True" result="Success" success="True" time="0.000" asserts="1" />
                </results>
              </test-suite>
              <test-suite type="TestFixture" name="ContextExceptionTests" executed="True" result="Success" success="True" time="0.078" asserts="0">
                <results>
                  <test-case name="Spring.Context.ContextExceptionTests.ExceptionsTest.TestStandardsCompliance" executed="True" result="Success" success="True" time="0.063" asserts="931" />
                  <test-case name="Spring.Context.ContextExceptionTests.ExceptionsTest.TestThisTest" executed="True" result="Success" success="True" time="0.016" asserts="93" />
                </results>
              </test-suite>
              <test-suite type="TestFixture" name="EventListenerAttributeTests" executed="True" result="Success" success="True" time="0.000" asserts="0">
                <results>
                  <test-case name="Spring.Context.EventListenerAttributeTests.ReadEventListenerAttribute" executed="True" result="Success" success="True" time="0.000" asserts="1" />
                </results>
              </test-suite>
              <test-suite type="Namespace" name="Events" executed="True" result="Success" success="True" time="0.000" asserts="0">
                <results>
                  <test-suite type="TestFixture" name="ConsoleListenerTests" executed="True" result="Success" success="True" time="0.000" asserts="0">
                    <results>
                      <test-case name="Spring.Context.Events.ConsoleListenerTests.ConsoleOnApplicationEvent" executed="True" result="Success" success="True" time="0.000" asserts="0" />
                    </results>
                  </test-suite>
                </results>
              </test-suite>
              <test-suite type="Namespace" name="Support" executed="True" result="Success" success="True" time="2.172" asserts="0">
                <results>
                  <test-suite type="TestFixture" name="AbstractApplicationContextTests" executed="True" result="Success" success="True" time="0.781" asserts="0">
                    <results>
                      <test-case name="Spring.Context.Support.AbstractApplicationContextTests.ContextAwarePrototypeGetName" executed="True" result="Success" success="True" time="0.063" asserts="1" />
                      <test-case name="Spring.Context.Support.AbstractApplicationContextTests.ContextAwarePrototypeWasCalledBack" executed="True" result="Success" success="True" time="0.000" asserts="3" />
                      <test-case name="Spring.Context.Support.AbstractApplicationContextTests.ContextAwareSingletonGetName" executed="True" result="Success" success="True" time="0.000" asserts="1" />
                      <test-case name="Spring.Context.Support.AbstractApplicationContextTests.ContextAwareSingletonWasCalledBack" executed="True" result="Success" success="True" time="0.000" asserts="3" />
                      <test-case name="Spring.Context.Support.AbstractApplicationContextTests.DefaultObjectFactoryProcessorsDontGetAddedTwice" executed="True" result="Success" success="True" time="0.000" asserts="2" />
                      <test-case name="Spring.Context.Support.AbstractApplicationContextTests.DoesNotSearchParentContextForEventRegistry" executed="True" result="Success" success="True" time="0.063" asserts="2" />
                      <test-case name="Spring.Context.Support.AbstractApplicationContextTests.DoesNotSearchParentContextForMessageSource" executed="True" result="Success" success="True" time="0.031" asserts="3" />
                      <test-case name="Spring.Context.Support.AbstractApplicationContextTests.ExecutesAllContextEventHandlersAndRethrowsExceptionsThrownDuringContextEventHandlingByDefault" executed="True" result="Success" success="True" time="0.000" asserts="2" />
                      <test-case name="Spring.Context.Support.AbstractApplicationContextTests.InvalidEventRegistryObject" executed="True" result="Success" success="True" time="0.016" asserts="1" />
                      <test-case name="Spring.Context.Support.AbstractApplicationContextTests.InvalidMessageSourceObject" executed="True" result="Success" success="True" time="0.000" asserts="1" />
                      <test-case name="Spring.Context.Support.AbstractApplicationContextTests.OrderOfKnownProcessorInstantiation" executed="True" result="Success" success="True" time="0.031" asserts="17" />
                      <test-case name="Spring.Context.Support.AbstractApplicationContextTests.OrderOfKnownProcessorInterfaces" executed="True" result="Success" success="True" time="0.000" asserts="4" />
                      <test-case name="Spring.Context.Support.AbstractApplicationContextTests.ParentNotNullGrandparentNull" executed="True" result="Success" success="True" time="0.000" asserts="2" />
                      <test-case name="Spring.Context.Support.AbstractApplicationContextTests.ParentNull" executed="True" result="Success" success="True" time="0.000" asserts="1" />
                      <test-case name="Spring.Context.Support.AbstractApplicationContextTests.ThrowsCannotLoadObjectTypeExceptionOnInvalidTypename" executed="True" result="Success" success="True" time="0.563" asserts="1" />
                    </results>
                  </test-suite>
                  <test-suite type="TestFixture" name="AbstractMessageSourceTests" executed="True" result="Success" success="True" time="0.063" asserts="0">
                    <results>
                      <test-case name="Spring.Context.Support.AbstractMessageSourceTests.GetMessageNoValidMessage" executed="True" result="Success" success="True" time="0.000" asserts="0" />
                      <test-case name="Spring.Context.Support.AbstractMessageSourceTests.GetMessageNullCode" executed="True" result="Success" success="True" time="0.000" asserts="0" />
                      <test-case name="Spring.Context.Support.AbstractMessageSourceTests.GetMessageParentMessageSource" executed="True" result="Success" success="True" time="0.016" asserts="1" />
                      <test-case name="Spring.Context.Support.AbstractMessageSourceTests.GetMessageResolvableDefaultMessage" executed="True" result="Success" success="True" time="0.016" asserts="1" />
                      <test-case name="Spring.Context.Support.AbstractMessageSourceTests.GetMessageResolvableNoValidMessage" executed="True" result="Success" success="True" time="0.016" asserts="0" />
                      <test-case name="Spring.Context.Support.AbstractMessageSourceTests.GetMessageResolvableReturnsFirstCode" executed="True" result="Success" success="True" time="0.000" asserts="1" />
                      <test-case name="Spring.Context.Support.AbstractMessageSourceTests.GetMessageResolvableValidMessageAndCode" executed="True" result="Success" success="True" time="0.000" asserts="1" />
                      <test-case name="Spring.Context.Support.AbstractMessageSourceTests.GetMessageResolvableValidMessageAndCodeNullCulture" executed="True" result="Success" success="True" time="0.000" asserts="1" />
                      <test-case name="Spring.Context.Support.AbstractMessageSourceTests.GetMessageResolvableValidMessageAndCodNullMessageFormat" executed="True" result="Success" success="True" time="0.000" asserts="1" />
                      <test-case name="Spring.Context.Support.AbstractMessageSourceTests.GetMessageUseDefaultCode" executed="True" result="Success" success="True" time="0.000" asserts="2" />
                      <test-case name="Spring.Context.Support.AbstractMessageSourceTests.GetMessageValidMessageAndCode" executed="True" result="Success" success="True" time="0.000" asserts="1" />
                      <test-case name="Spring.Context.Support.AbstractMessageSourceTests.GetMessageValidMessageAndCodeNullCulture" executed="True" result="Success" success="True" time="0.000" asserts="1" />
                      <test-case name="Spring.Context.Support.AbstractMessageSourceTests.GetMessageWithResolvableArguments" executed="True" result="Success" success="True" time="0.000" asserts="1" />
                      <test-case name="Spring.Context.Support.AbstractMessageSourceTests.GetResolvableDefaultsToParentMessageSource" executed="True" result="Success" success="True" time="0.000" asserts="1" />
                      <test-case name="Spring.Context.Support.AbstractMessageSourceTests.GetResolvableNullCodes" executed="True" result="Success" success="True" time="0.000" asserts="0" />
                    </results>
                  </test-suite>
                  <test-suite type="TestFixture" name="ApplicationContextAwareProcessorTests" executed="True" result="Success" success="True" time="0.094" asserts="0">
                    <results>
                      <test-case name="Spring.Context.Support.ApplicationContextAwareProcessorTests.AfterInitReturnsSameInstanceAsWasPassedIn" executed="True" result="Success" success="True" time="0.000" asserts="1" />
                      <test-case name="Spring.Context.Support.ApplicationContextAwareProcessorTests.AlwaysIgnoresProxiedApplicationContextAwareAwareObjects" executed="True" result="Success" success="True" time="0.063" asserts="1" />
                      <test-case name="Spring.Context.Support.ApplicationContextAwareProcessorTests.AlwaysIgnoresProxiedMessageSourceAwareObjects" executed="True" result="Success" success="True" time="0.000" asserts="1" />
                      <test-case name="Spring.Context.Support.ApplicationContextAwareProcessorTests.AlwaysIgnoresProxiedResourceLoaderAwareObjects" executed="True" result="Success" success="True" time="0.000" asserts="1" />
                      <test-case name="Spring.Context.Support.ApplicationContextAwareProcessorTests.AttachContext" executed="True" result="Success" success="True" time="0.000" asserts="2" />
                      <test-case name="Spring.Context.Support.ApplicationContextAwareProcessorTests.AttachResourceLoader" executed="True" result="Success" success="True" time="0.016" asserts="2" />
                      <test-case name="Spring.Context.Support.ApplicationContextAwareProcessorTests.DoNotAttachContextForRegularObject" executed="True" result="Success" success="True" time="0.000" asserts="1" />
                      <test-case name="Spring.Context.Support.ApplicationContextAwareProcessorTests.DoNotAttachResourceLoaderForRegularObject" executed="True" result="Success" success="True" time="0.000" asserts="1" />
                    </results>
                  </test-suite>
                  <test-suite type="TestFixture" name="ApplicationContextExtensionTests" executed="True" result="Success" success="True" time="0.094" asserts="0">
                    <results>
                      <test-case name="Spring.Context.Support.ApplicationContextExtensionTests.UsingCustomParsers" executed="True" result="Success" success="True" time="0.094" asserts="7" />
                    </results>
                  </test-suite>
                  <test-suite type="TestFixture" name="ApplicationObjectSupportTests" executed="True" result="Success" success="True" time="0.000" asserts="0">
                    <results>
                      <test-case name="Spring.Context.Support.ApplicationObjectSupportTests.InvalidContextSubclass" executed="True" result="Success" success="True" time="0.000" asserts="0" />
                      <test-case name="Spring.Context.Support.ApplicationObjectSupportTests.ReinitWithDiffContext" executed="True" result="Success" success="True" time="0.000" asserts="0" />
                      <test-case name="Spring.Context.Support.ApplicationObjectSupportTests.ReinitWithSameContext" executed="True" result="Success" success="True" time="0.000" asserts="1" />
                      <test-case name="Spring.Context.Support.ApplicationObjectSupportTests.ValidContextIApplicationContext" executed="True" result="Success" success="True" time="0.000" asserts="2" />
                      <test-case name="Spring.Context.Support.ApplicationObjectSupportTests.ValidContextSubClass" executed="True" result="Success" success="True" time="0.000" asserts="1" />
                      <test-case name="Spring.Context.Support.ApplicationObjectSupportTests.ValidContextSubClassOfAContext" executed="True" result="Success" success="True" time="0.000" asserts="0" />
                    </results>
                  </test-suite>
                  <test-suite type="TestFixture" name="ContextHandlerTests" executed="True" result="Success" success="True" time="0.063" asserts="0">
                    <results>
                      <test-case name="Spring.Context.Support.ContextHandlerTests.ChokesIfChildContextsUseTheSameName" description="SPRNET-105" executed="True" result="Success" success="True" time="0.016" asserts="0" />
                      <test-case name="Spring.Context.Support.ContextHandlerTests.ContextNotOfCorrectType" executed="True" result="Success" success="True" time="0.016" asserts="0" />
                      <test-case name="Spring.Context.Support.ContextHandlerTests.CreateChildContextFailure" executed="True" result="Success" success="True" time="0.000" asserts="1" />
                      <test-case name="Spring.Context.Support.ContextHandlerTests.CreateContextSuccessful" executed="True" result="Success" success="True" time="0.000" asserts="2" />
                      <test-case name="Spring.Context.Support.ContextHandlerTests.CreatedFromNullXmlElement" executed="True" result="Success" success="True" time="0.000" asserts="0" />
                      <test-case name="Spring.Context.Support.ContextHandlerTests.CreateRootContextFailure" executed="True" result="Success" success="True" time="0.016" asserts="1" />
                      <test-case name="Spring.Context.Support.ContextHandlerTests.DefaultsToXmlApplicationContextType" executed="True" result="Success" success="True" time="0.000" asserts="1" />
                      <test-case name="Spring.Context.Support.ContextHandlerTests.LoadParentChildContextsHierarchy" executed="True" result="Success" success="True" time="0.016" asserts="16" />
                    </results>
                  </test-suite>
                  <test-suite type="TestFixture" name="ContextRegistryTests" executed="True" result="Success" success="True" time="0.125" asserts="0">
                    <results>
                      <test-case name="Spring.Context.Support.ContextRegistryTests.ChokesIfChildContextRegisteredUnderNameOfAnExistingContext" description="SPRNET-105" executed="True" result="Success" success="True" time="0.000" asserts="0" />
                      <test-case name="Spring.Context.Support.ContextRegistryTests.ClearWithConfigurationSection" executed="True" result="Success" success="True" time="0.031" asserts="1" />
                      <test-case name="Spring.Context.Support.ContextRegistryTests.ClearWithDynamicProxies" executed="True" result="Success" success="True" time="0.031" asserts="4" />
                      <test-case name="Spring.Context.Support.ContextRegistryTests.GetContextByNameNotRegisteredThrowsException" executed="True" result="Success" success="True" time="0.016" asserts="0" />
                      <test-case name="Spring.Context.Support.ContextRegistryTests.GetContextWithEmptyName" executed="True" result="Success" success="True" time="0.016" asserts="0" />
                      <test-case name="Spring.Context.Support.ContextRegistryTests.GetContextWithNullName" executed="True" result="Success" success="True" time="0.000" asserts="0" />
                      <test-case name="Spring.Context.Support.ContextRegistryTests.GetRootContextNotRegisteredThrowsException" executed="True" result="Success" success="True" time="0.000" asserts="1" />
                      <test-case name="Spring.Context.Support.ContextRegistryTests.RegisterNamedContext" executed="True" result="Success" success="True" time="0.000" asserts="2" />
                      <test-case name="Spring.Context.Support.ContextRegistryTests.RegisterNamedRootContext" executed="True" result="Success" success="True" time="0.000" asserts="2" />
                      <test-case name="Spring.Context.Support.ContextRegistryTests.RegisterRootContext" executed="True" result="Success" success="True" time="0.000" asserts="2" />
                      <test-case name="Spring.Context.Support.ContextRegistryTests.RemovesContextFromRegistryWhenContextCloses" executed="True" result="Success" success="True" time="0.000" asserts="2" />
                      <test-case name="Spring.Context.Support.ContextRegistryTests.ThrowsInvalidOperationExceptionOnRecursiveCallsToGetContext" executed="True" result="Success" success="True" time="0.016" asserts="3" />
                    </results>
                  </test-suite>
                  <test-suite type="TestFixture" name="ContextRegistryTests+WhenHierarchicalContextsAllHaveDefaultNames" executed="True" result="Success" success="True" time="0.016" asserts="0">
                    <results>
                      <test-case name="Spring.Context.Support.ContextRegistryTests+WhenHierarchicalContextsAllHaveDefaultNames.RegisterContext_ConstructsNestedPathBasedNames_IfRegisterdInHierarchicalOrder" executed="True" result="Success" success="True" time="0.000" asserts="4" />
                      <test-case name="Spring.Context.Support.ContextRegistryTests+WhenHierarchicalContextsAllHaveDefaultNames.RegisterContext_ConstructsNestedPathBasedNames_IfRegisteringAMixOfDefaultAndExplicitNamedContexts" executed="True" result="Success" success="True" time="0.016" asserts="4" />
                    </results>
                  </test-suite>
                  <test-suite type="TestFixture" name="DefaultMessageSourceResolvableTests" executed="True" result="Success" success="True" time="0.000" asserts="0">
                    <results>
                      <test-case name="Spring.Context.Support.DefaultMessageSourceResolvableTests.DefaultResolvableFromExistingResolvable" executed="True" result="Success" success="True" time="0.000" asserts="3" />
                      <test-case name="Spring.Context.Support.DefaultMessageSourceResolvableTests.InstantiationWithASingleCodeDefaultsToEmptyDefaultMessage" executed="True" result="Success" success="True" time="0.000" asserts="1" />
                      <test-case name="Spring.Context.Support.DefaultMessageSourceResolvableTests.LastCode" executed="True" result="Success" success="True" time="0.000" asserts="1" />
                      <test-case name="Spring.Context.Support.DefaultMessageSourceResolvableTests.NullLastCode" executed="True" result="Success" success="True" time="0.000" asserts="1" />
                      <test-case name="Spring.Context.Support.DefaultMessageSourceResolvableTests.ResolvableToString" executed="True" result="Success" success="True" time="0.000" asserts="1" />
                      <test-case name="Spring.Context.Support.DefaultMessageSourceResolvableTests.ResolvableToStringNullArguments" executed="True" result="Success" success="True" time="0.000" asserts="1" />
                    </results>
                  </test-suite>
                  <test-suite type="TestFixture" name="DelegatingMessageSourceTests" executed="True" result="Success" success="True" time="0.031" asserts="0">
                    <results>
                      <test-case name="Spring.Context.Support.DelegatingMessageSourceTests.ApplyResources" executed="True" result="Success" success="True" time="0.000" asserts="0" />
                      <test-case name="Spring.Context.Support.DelegatingMessageSourceTests.ApplyResourcesWithNoParentMessageSource" executed="True" result="Success" success="True" time="0.000" asserts="0" />
                      <test-case name="Spring.Context.Support.DelegatingMessageSourceTests.GetMessage" executed="True" result="Success" success="True" time="0.000" asserts="1" />
                      <test-case name="Spring.Context.Support.DelegatingMessageSourceTests.GetMessageNoDelegateTarget" executed="True" result="Success" success="True" time="0.000" asserts="0" />
                      <test-case name="Spring.Context.Support.DelegatingMessageSourceTests.GetMessageWithCulture" executed="True" result="Success" success="True" time="0.000" asserts="1" />
                      <test-case name="Spring.Context.Support.DelegatingMessageSourceTests.GetMessageWithCultureAndParams" executed="True" result="Success" success="True" time="0.000" asserts="1" />
                      <test-case name="Spring.Context.Support.DelegatingMessageSourceTests.GetMessageWithCultureAndParamsNoDelegateTarget" executed="True" result="Success" success="True" time="0.000" asserts="0" />
                      <test-case name="Spring.Context.Support.DelegatingMessageSourceTests.GetMessageWithCultureNoDelegateTarget" executed="True" result="Success" success="True" time="0.000" asserts="0" />
                      <test-case name="Spring.Context.Support.DelegatingMessageSourceTests.GetMessageWithMessageSourceResolvableAndCulture" executed="True" result="Success" success="True" time="0.000" asserts="1" />
                      <test-case name="Spring.Context.Support.DelegatingMessageSourceTests.GetMessageWithNoParentMessageSourceAndMessageSourceResolvableAndCulture" executed="True" result="Success" success="True" time="0.000" asserts="1" />
                      <test-case name="Spring.Context.Support.DelegatingMessageSourceTests.GetMessageWithNoParentMessageSourceAndNullDefaultMessageSourceResolvableAndCulture" executed="True" result="Success" success="True" time="0.000" asserts="0" />
                      <test-case name="Spring.Context.Support.DelegatingMessageSourceTests.GetMessageWithNoParentMessageSourceAndNullDefaultMessageSourceResolvableWithNoCodesAndCulture" executed="True" result="Success" success="True" time="0.000" asserts="0" />
                      <test-case name="Spring.Context.Support.DelegatingMessageSourceTests.GetMessageWithParams" executed="True" result="Success" success="True" time="0.000" asserts="1" />
                      <test-case name="Spring.Context.Support.DelegatingMessageSourceTests.GetMessageWithParamsNoDelegateTarget" executed="True" result="Success" success="True" time="0.000" asserts="0" />
                      <test-case name="Spring.Context.Support.DelegatingMessageSourceTests.GetResourceObject" executed="True" result="Success" success="True" time="0.016" asserts="1" />
                      <test-case name="Spring.Context.Support.DelegatingMessageSourceTests.GetResourceObjectWithCulture" executed="True" result="Success" success="True" time="0.000" asserts="1" />
                      <test-case name="Spring.Context.Support.DelegatingMessageSourceTests.GetResourceObjectWithNoParentMessageSource" executed="True" result="Success" success="True" time="0.000" asserts="0" />
                      <test-case name="Spring.Context.Support.DelegatingMessageSourceTests.GetResourceObjectWithNoParentMessageSourceWithCulture" executed="True" result="Success" success="True" time="0.000" asserts="0" />
                      <test-case name="Spring.Context.Support.DelegatingMessageSourceTests.Instantiation" executed="True" result="Success" success="True" time="0.000" asserts="1" />
                      <test-case name="Spring.Context.Support.DelegatingMessageSourceTests.InstantiationWithSuppliedParentMessageSource" executed="True" result="Success" success="True" time="0.000" asserts="2" />
                    </results>
                  </test-suite>
                  <test-suite type="TestFixture" name="MessageSourceAccessorTests" executed="True" result="Success" success="True" time="0.016" asserts="0">
                    <results>
                      <test-case name="Spring.Context.Support.MessageSourceAccessorTests.GetMessageCodeArgs" executed="True" result="Success" success="True" time="0.000" asserts="1" />
                      <test-case name="Spring.Context.Support.MessageSourceAccessorTests.GetMessageCodeArgsDefaultsToCurrentUICulture" executed="True" result="Success" success="True" time="0.000" asserts="1" />
                      <test-case name="Spring.Context.Support.MessageSourceAccessorTests.GetMessageCodeCulture" executed="True" result="Success" success="True" time="0.000" asserts="1" />
                      <test-case name="Spring.Context.Support.MessageSourceAccessorTests.GetMessageCodeCultureArgs" executed="True" result="Success" success="True" time="0.000" asserts="1" />
                      <test-case name="Spring.Context.Support.MessageSourceAccessorTests.GetMessageCodeDefaultsToCurrentUICulture" executed="True" result="Success" success="True" time="0.000" asserts="1" />
                      <test-case name="Spring.Context.Support.MessageSourceAccessorTests.GetMessageResolvableCulture" executed="True" result="Success" success="True" time="0.000" asserts="1" />
                      <test-case name="Spring.Context.Support.MessageSourceAccessorTests.GetMessageResolvableDefaultsToCurrentUICulture" executed="True" result="Success" success="True" time="0.000" asserts="1" />
                    </results>
                  </test-suite>
                  <test-suite type="TestFixture" name="NamespaceParsersSectionHandlerTests" executed="True" result="Success" success="True" time="0.000" asserts="0">
                    <results>
                      <test-case name="Spring.Context.Support.NamespaceParsersSectionHandlerTests.ParseSectionSunnyDay" executed="True" result="Success" success="True" time="0.000" asserts="0" />
                      <test-case name="Spring.Context.Support.NamespaceParsersSectionHandlerTests.ParseSectionWithBadTypeForHandler" executed="True" result="Success" success="True" time="0.000" asserts="0" />
                      <test-case name="Spring.Context.Support.NamespaceParsersSectionHandlerTests.ParseSectionWithEmptyType" executed="True" result="Success" success="True" time="0.000" asserts="0" />
                      <test-case name="Spring.Context.Support.NamespaceParsersSectionHandlerTests.ParseSectionWithHandlerThatDoesNotImplement_IXmlObjectDefinitionParser" executed="True" result="Success" success="True" time="0.000" asserts="0" />
                      <test-case name="Spring.Context.Support.NamespaceParsersSectionHandlerTests.ParseSectionWithNoChildParserNamespaceElements" executed="True" result="Success" success="True" time="0.000" asserts="0" />
                      <test-case name="Spring.Context.Support.NamespaceParsersSectionHandlerTests.WithParserElementThatIsMissingTheTypeAttribute" executed="True" result="Success" success="True" time="0.000" asserts="0" />
                    </results>
                  </test-suite>
                  <test-suite type="TestFixture" name="NullMessageSourceTests" executed="True" result="Success" success="True" time="0.016" asserts="0">
                    <results>
                      <test-case name="Spring.Context.Support.NullMessageSourceTests.ApplyResourcesDoesNothing" executed="True" result="Success" success="True" time="0.000" asserts="0" />
                      <test-case name="Spring.Context.Support.NullMessageSourceTests.CanonicalInstanceIsNotNull" executed="True" result="Success" success="True" time="0.000" asserts="1" />
                      <test-case name="Spring.Context.Support.NullMessageSourceTests.ResolveMessageSpitsbackWhatItWasGiven" executed="True" result="Success" success="True" time="0.000" asserts="1" />
                      <test-case name="Spring.Context.Support.NullMessageSourceTests.ResolveObjectReturnsNull" executed="True" result="Success" success="True" time="0.000" asserts="1" />
                    </results>
                  </test-suite>
                  <test-suite type="TestFixture" name="ResourceSetMessageSourceTests" executed="True" result="Success" success="True" time="0.578" asserts="0">
                    <results>
                      <test-case name="Spring.Context.Support.ResourceSetMessageSourceTests.ApplyResources" executed="True" result="Success" success="True" time="0.141" asserts="2" />
                      <test-case name="Spring.Context.Support.ResourceSetMessageSourceTests.GetNullResourceIn2PointOh" executed="False" result="Ignored">
                        <reason>
                          <message><![CDATA[See SPRNET-246]]></message>
                        </reason>
                      </test-case>
                      <test-case name="Spring.Context.Support.ResourceSetMessageSourceTests.GetResource" executed="True" result="Success" success="True" time="0.063" asserts="5" />
                      <test-case name="Spring.Context.Support.ResourceSetMessageSourceTests.MessageAccessFallbackTurnedOff" executed="True" result="Success" success="True" time="0.109" asserts="25" />
                      <test-case name="Spring.Context.Support.ResourceSetMessageSourceTests.MessageAccessFallbackTurnedOn" executed="True" result="Success" success="True" time="0.047" asserts="26" />
                      <test-case name="Spring.Context.Support.ResourceSetMessageSourceTests.MessageAccessWithParentAndFallbackTurnedOff" executed="True" result="Success" success="True" time="0.047" asserts="25" />
                      <test-case name="Spring.Context.Support.ResourceSetMessageSourceTests.MessageResolveableGetMessage" executed="True" result="Success" success="True" time="0.016" asserts="1" />
                      <test-case name="Spring.Context.Support.ResourceSetMessageSourceTests.ResourceSetMessageSourceCachedMessage" executed="True" result="Success" success="True" time="0.016" asserts="3" />
                      <test-case name="Spring.Context.Support.ResourceSetMessageSourceTests.ResourceSetMessageSourceGetMessage" executed="True" result="Success" success="True" time="0.047" asserts="11" />
                      <test-case name="Spring.Context.Support.ResourceSetMessageSourceTests.ResourceSetMessageSourceGetNonExistantResource" executed="True" result="Success" success="True" time="0.031" asserts="0" />
                      <test-case name="Spring.Context.Support.ResourceSetMessageSourceTests.ResourceSetMessageSourceToString" executed="True" result="Success" success="True" time="0.000" asserts="1" />
                      <test-case name="Spring.Context.Support.ResourceSetMessageSourceTests.SimpleFormat" executed="True" result="Success" success="True" time="0.016" asserts="1" />
                      <test-case name="Spring.Context.Support.ResourceSetMessageSourceTests.TwoResourceManagers" executed="True" result="Success" success="True" time="0.016" asserts="2" />
                    </results>
                  </test-suite>
                  <test-suite type="TestFixture" name="StaticApplicationContextTests" executed="True" result="Success" success="True" time="0.000" asserts="0">
                    <results>
                      <test-case name="Spring.Context.Support.StaticApplicationContextTests.AddMessageTest" executed="True" result="Success" success="True" time="0.000" asserts="1" />
                      <test-case name="Spring.Context.Support.StaticApplicationContextTests.RegisterObjectPrototype" executed="True" result="Success" success="True" time="0.000" asserts="2" />
                    </results>
                  </test-suite>
                  <test-suite type="TestFixture" name="StaticMessageSourceTests" executed="True" result="Success" success="True" time="0.016" asserts="0">
                    <results>
                      <test-case name="Spring.Context.Support.StaticMessageSourceTests.ApplyResources" executed="True" result="Success" success="True" time="0.000" asserts="2" />
                      <test-case name="Spring.Context.Support.StaticMessageSourceTests.ApplyResourcesWithNullLookupKey" executed="True" result="Success" success="True" time="0.000" asserts="3" />
                      <test-case name="Spring.Context.Support.StaticMessageSourceTests.ApplyResourcesWithNullObject" executed="True" result="Success" success="True" time="0.000" asserts="2" />
                      <test-case name="Spring.Context.Support.StaticMessageSourceTests.GetMessageCode" executed="True" result="Success" success="True" time="0.016" asserts="1" />
                      <test-case name="Spring.Context.Support.StaticMessageSourceTests.GetMessageDefaultsToCurrentUICulture" executed="True" result="Success" success="True" time="0.000" asserts="1" />
                      <test-case name="Spring.Context.Support.StaticMessageSourceTests.GetResourceObjectThatAintPreviouslyBeenAddedDoesntYieldAnything" executed="True" result="Success" success="True" time="0.000" asserts="1" />
                      <test-case name="Spring.Context.Support.StaticMessageSourceTests.GetResourceObjectWithCode" executed="True" result="Success" success="True" time="0.000" asserts="2" />
                      <test-case name="Spring.Context.Support.StaticMessageSourceTests.GetResourceObjectWithCodeAndCulture" executed="True" result="Success" success="True" time="0.000" asserts="2" />
                      <test-case name="Spring.Context.Support.StaticMessageSourceTests.GetResourceObjectWithCodeAssumesCurrentUICulture" executed="True" result="Success" success="True" time="0.000" asserts="1" />
                      <test-case name="Spring.Context.Support.StaticMessageSourceTests.StaticMessageSourceToString" executed="True" result="Success" success="True" time="0.000" asserts="1" />
                    </results>
                  </test-suite>
                  <test-suite type="TestFixture" name="TypeAliasesSectionHandlerTests" executed="True" result="Success" success="True" time="0.031" asserts="0">
                    <results>
                      <test-case name="Spring.Context.Support.TypeAliasesSectionHandlerTests.ParseSectionSunnyDay" executed="True" result="Success" success="True" time="0.016" asserts="2" />
                      <test-case name="Spring.Context.Support.TypeAliasesSectionHandlerTests.ParseSectionWithGuffChildParserNamespaceElementsIsAllowed" executed="True" result="Success" success="True" time="0.000" asserts="0" />
                      <test-case name="Spring.Context.Support.TypeAliasesSectionHandlerTests.ParseSectionWithNoChildParserNamespaceElements" executed="True" result="Success" success="True" time="0.000" asserts="0" />
                      <test-case name="Spring.Context.Support.TypeAliasesSectionHandlerTests.WithAliasElementThatIsMissingTheNameAttribute" executed="True" result="Success" success="True" time="0.000" asserts="0" />
                      <test-case name="Spring.Context.Support.TypeAliasesSectionHandlerTests.WithAliasElementThatIsMissingTheTypeAttribute" executed="True" result="Success" success="True" time="0.000" asserts="0" />
                      <test-case name="Spring.Context.Support.TypeAliasesSectionHandlerTests.WithEmptyAlias" executed="True" result="Success" success="True" time="0.000" asserts="0" />
                      <test-case name="Spring.Context.Support.TypeAliasesSectionHandlerTests.WithEmptyTypeName" executed="True" result="Success" success="True" time="0.000" asserts="0" />
                      <test-case name="Spring.Context.Support.TypeAliasesSectionHandlerTests.WithGenericType" executed="True" result="Success" success="True" time="0.016" asserts="0" />
                      <test-case name="Spring.Context.Support.TypeAliasesSectionHandlerTests.WithGenericTypeDefinition" executed="True" result="Success" success="True" time="0.000" asserts="0" />
                      <test-case name="Spring.Context.Support.TypeAliasesSectionHandlerTests.WithNonExistentType" executed="True" result="Success" success="True" time="0.000" asserts="0" />
                      <test-case name="Spring.Context.Support.TypeAliasesSectionHandlerTests.WithWhitespacedAlias" executed="True" result="Success" success="True" time="0.000" asserts="0" />
                      <test-case name="Spring.Context.Support.TypeAliasesSectionHandlerTests.WithWhitespacedTypeName" executed="True" result="Success" success="True" time="0.000" asserts="0" />
                    </results>
                  </test-suite>
                  <test-suite type="TestFixture" name="XmlApplicationContentArgsTests" executed="True" result="Success" success="True" time="0.016" asserts="0">
                    <results>
                      <test-case name="Spring.Context.Support.XmlApplicationContentArgsTests.Default_AutoRefresh_isTrue" executed="True" result="Success" success="True" time="0.000" asserts="1" />
                      <test-case name="Spring.Context.Support.XmlApplicationContentArgsTests.Default_CaseSensitivity_isTrue" executed="True" result="Success" success="True" time="0.000" asserts="1" />
                    </results>
                  </test-suite>
                  <test-suite type="TestFixture" name="XmlApplicationContextTests" executed="True" result="Success" success="True" time="0.172" asserts="0">
                    <results>
                      <test-case name="Spring.Context.Support.XmlApplicationContextTests.CaseInsensitiveContext" executed="True" result="Success" success="True" time="0.016" asserts="4" />
                      <test-case name="Spring.Context.Support.XmlApplicationContextTests.ConfigureObject" executed="True" result="Success" success="True" time="0.000" asserts="8" />
                      <test-case name="Spring.Context.Support.XmlApplicationContextTests.ContextLifeCycle" executed="True" result="Success" success="True" time="0.000" asserts="6" />
                      <test-case name="Spring.Context.Support.XmlApplicationContextTests.ContextWithInvalidLazyType" executed="False" result="Ignored">
                        <reason>
                          <message><![CDATA[Need to add Spring.TypeLoadException]]></message>
                        </reason>
                      </test-case>
                      <test-case name="Spring.Context.Support.XmlApplicationContextTests.ContextWithInvalidValueType" executed="True" result="Success" success="True" time="0.031" asserts="2" />
                      <test-case name="Spring.Context.Support.XmlApplicationContextTests.ContextWithPostProcessors" executed="True" result="Success" success="True" time="0.000" asserts="4" />
                      <test-case name="Spring.Context.Support.XmlApplicationContextTests.FactoryObjectsAreNotInstantiatedBeforeObjectFactoryPostProcessorsAreApplied" executed="True" result="Success" success="True" time="0.047" asserts="1" />
                      <test-case name="Spring.Context.Support.XmlApplicationContextTests.GenericApplicationContextConstructorTests" executed="True" result="Success" success="True" time="0.000" asserts="0" />
                      <test-case name="Spring.Context.Support.XmlApplicationContextTests.GenericApplicationContextWithXmlObjectDefinitions" executed="True" result="Success" success="True" time="0.000" asserts="3" />
                      <test-case name="Spring.Context.Support.XmlApplicationContextTests.GetObjectOnUnknownIdThrowsNoSuchObjectDefinition" executed="True" result="Success" success="True" time="0.000" asserts="1" />
                      <test-case name="Spring.Context.Support.XmlApplicationContextTests.InnerObjectWithPostProcessing" executed="True" result="Success" success="True" time="0.016" asserts="1" />
                      <test-case name="Spring.Context.Support.XmlApplicationContextTests.MultipleConfigLocations" executed="True" result="Success" success="True" time="0.000" asserts="5" />
                      <test-case name="Spring.Context.Support.XmlApplicationContextTests.NoConfigLocation" executed="True" result="Success" success="True" time="0.000" asserts="0" />
                      <test-case name="Spring.Context.Support.XmlApplicationContextTests.RefreshDisposesExistingObjectFactory_SPRNET479" executed="True" result="Success" success="True" time="0.000" asserts="4" />
                      <test-case name="Spring.Context.Support.XmlApplicationContextTests.SingleConfigLocation" executed="True" result="Success" success="True" time="0.016" asserts="1" />
                      <test-case name="Spring.Context.Support.XmlApplicationContextTests.SPRNET1231_DoesNotInvokeFactoryMethodDuringObjectFactoryPostProcessing" description="http://jira.springframework.org/browse/SPRNET-1231" executed="True" result="Success" success="True" time="0.016" asserts="1" />
                    </results>
                  </test-suite>
                </results>
              </test-suite>
            </results>
          </test-suite>
          <test-suite type="Namespace" name="Core" executed="True" result="Success" success="True" time="1.063" asserts="0">
            <results>
              <test-suite type="TestFixture" name="ComposedCriteriaTests" executed="True" result="Success" success="True" time="0.016" asserts="0">
                <results>
                  <test-case name="Spring.Core.ComposedCriteriaTests.IsSatisfiedWithNoCriteria" executed="True" result="Success" success="True" time="0.000" asserts="1" />
                  <test-case name="Spring.Core.ComposedCriteriaTests.SatifiesMyUpperCaseCriteria" executed="True" result="Success" success="True" time="0.000" asserts="2" />
                  <test-case name="Spring.Core.ComposedCriteriaTests.SatifiesTwoCriteria" executed="True" result="Success" success="True" time="0.000" asserts="3" />
                </results>
              </test-suite>
              <test-suite type="TestFixture" name="ControlFlowFactoryTests" executed="True" result="Success" success="True" time="0.016" asserts="0">
                <results>
                  <test-case name="Spring.Core.ControlFlowFactoryTests.CreateControlFlow" executed="True" result="Success" success="True" time="0.000" asserts="1" />
                  <test-case name="Spring.Core.ControlFlowFactoryTests.CreateControlFlowReturnsDistinctInstance" executed="True" result="Success" success="True" time="0.000" asserts="1" />
                  <test-case name="Spring.Core.ControlFlowFactoryTests.DefaultCflowIsNotUnderSomeArbitraryClass" executed="True" result="Success" success="True" time="0.000" asserts="1" />
                  <test-case name="Spring.Core.ControlFlowFactoryTests.DefaultCflowIsNotUnderSomeArbitraryToken" executed="True" result="Success" success="True" time="0.000" asserts="1" />
                  <test-case name="Spring.Core.ControlFlowFactoryTests.DefaultCflowIsNotUnderThisTestAndSomeRandomMethodName" executed="True" result="Success" success="True" time="0.016" asserts="1" />
                  <test-case name="Spring.Core.ControlFlowFactoryTests.DefaultCflowUnderThisTest" executed="True" result="Success" success="True" time="0.000" asserts="1" />
                  <test-case name="Spring.Core.ControlFlowFactoryTests.DefaultCflowUnderThisTestAndTestMethodName" executed="True" result="Success" success="True" time="0.000" asserts="1" />
                  <test-case name="Spring.Core.ControlFlowFactoryTests.DefaultCflowUnderToken" executed="True" result="Success" success="True" time="0.000" asserts="1" />
                </results>
              </test-suite>
              <test-suite type="Namespace" name="IO" executed="True" result="Success" success="True" time="0.375" asserts="0">
                <results>
                  <test-suite type="TestFixture" name="AssemblyResourceTest" executed="True" result="Success" success="True" time="0.031" asserts="0">
                    <results>
[...]
                  <test-case name="Spring.Validation.CollectionValidatorTests.TestNestingCollectionValidatorWithXMLDescription" executed="True" result="Success" success="True" time="0.000" asserts="2" />
                  <test-case name="Spring.Validation.CollectionValidatorTests.TestValidationErrorsAreCollected" executed="True" result="Success" success="True" time="0.000" asserts="2" />
                  <test-case name="Spring.Validation.CollectionValidatorTests.TestWithNull" executed="True" result="Success" success="True" time="0.000" asserts="0" />
                  <test-case name="Spring.Validation.CollectionValidatorTests.TestWithWrongArgumentType" executed="True" result="Success" success="True" time="0.000" asserts="0" />
                </results>
              </test-suite>
              <test-suite type="TestFixture" name="ExclusiveValidatorGroupTests" executed="True" result="Success" success="True" time="0.016" asserts="0">
                <results>
                  <test-case name="Spring.Validation.ExclusiveValidatorGroupTests.DefaultsToFastValidate" executed="True" result="Success" success="True" time="0.000" asserts="1" />
                  <test-case name="Spring.Validation.ExclusiveValidatorGroupTests.WhenAllValidatorsReturnFalse" executed="True" result="Success" success="True" time="0.000" asserts="4" />
                  <test-case name="Spring.Validation.ExclusiveValidatorGroupTests.WhenAllValidatorsReturnTrue" executed="True" result="Success" success="True" time="0.000" asserts="4" />
                  <test-case name="Spring.Validation.ExclusiveValidatorGroupTests.WhenGroupIsNotValidatedBecauseWhenExpressionReturnsFalse" executed="True" result="Success" success="True" time="0.000" asserts="3" />
                  <test-case name="Spring.Validation.ExclusiveValidatorGroupTests.WhenMultipleValidatorsReturnTrueAndFastValidate" executed="True" result="Success" success="True" time="0.000" asserts="8" />
                  <test-case name="Spring.Validation.ExclusiveValidatorGroupTests.WhenMultipleValidatorsReturnTrueAndNotFastValidate" executed="True" result="Success" success="True" time="0.000" asserts="8" />
                  <test-case name="Spring.Validation.ExclusiveValidatorGroupTests.WhenSingleValidatorReturnsTrue" executed="True" result="Success" success="True" time="0.000" asserts="7" />
                </results>
              </test-suite>
              <test-suite type="TestFixture" name="ValidationErrorsTests" executed="True" result="Success" success="True" time="1.094" asserts="0">
                <results>
                  <test-case name="Spring.Validation.ValidationErrorsTests.AddErrorSunnyDay" executed="True" result="Success" success="True" time="0.000" asserts="3" />
                  <test-case name="Spring.Validation.ValidationErrorsTests.AddErrorWithNullKey" executed="True" result="Success" success="True" time="0.000" asserts="0" />
                  <test-case name="Spring.Validation.ValidationErrorsTests.AddErrorWithNullMessage" executed="True" result="Success" success="True" time="0.000" asserts="0" />
                  <test-case name="Spring.Validation.ValidationErrorsTests.AddTwoErrorsSameKey" executed="True" result="Success" success="True" time="0.000" asserts="3" />
                  <test-case name="Spring.Validation.ValidationErrorsTests.ContainsNoErrorsDirectlyAfterInstantiation" executed="True" result="Success" success="True" time="0.000" asserts="2" />
                  <test-case name="Spring.Validation.ValidationErrorsTests.EmptyErrorsReturnEmptyCollections" executed="True" result="Success" success="True" time="0.000" asserts="4" />
                  <test-case name="Spring.Validation.ValidationErrorsTests.MergeErrors" executed="True" result="Success" success="True" time="0.000" asserts="8" />
                  <test-case name="Spring.Validation.ValidationErrorsTests.MergeErrorsWithNull" executed="True" result="Success" success="True" time="0.016" asserts="3" />
                  <test-case name="Spring.Validation.ValidationErrorsTests.ResolveErrorsWithoutMessageSource" executed="True" result="Success" success="True" time="0.000" asserts="1" />
                  <test-case name="Spring.Validation.ValidationErrorsTests.SerializeErrors" executed="True" result="Success" success="True" time="1.078" asserts="2" />
                </results>
              </test-suite>
              <test-suite type="TestFixture" name="ValidationExceptionTests" executed="True" result="Success" success="True" time="0.000" asserts="0">
                <results>
                  <test-case name="Spring.Validation.ValidationExceptionTests.InstantiationSupplyingMessageAndValidationErrors" executed="True" result="Success" success="True" time="0.000" asserts="2" />
                  <test-case name="Spring.Validation.ValidationExceptionTests.InstantiationSupplyingMessageValidationErrorsAndRootCause" executed="True" result="Success" success="True" time="0.000" asserts="4" />
                  <test-case name="Spring.Validation.ValidationExceptionTests.InstantiationSupplyingValidationErrors" executed="True" result="Success" success="True" time="0.000" asserts="1" />
                  <test-case name="Spring.Validation.ValidationExceptionTests.InstantiationUsingDefaultConstructor" executed="True" result="Success" success="True" time="0.000" asserts="1" />
                  <test-case name="Spring.Validation.ValidationExceptionTests.TestExceptionSerialization" executed="True" result="Success" success="True" time="0.000" asserts="3" />
                </results>
              </test-suite>
              <test-suite type="TestFixture" name="ValidationNamespaceParserTests" executed="True" result="Success" success="True" time="0.031" asserts="0">
                <results>
                  <test-case name="Spring.Validation.ValidationNamespaceParserTests.WhenConfigFileIsNotValid" executed="True" result="Success" success="True" time="0.016" asserts="1" />
                  <test-case name="Spring.Validation.ValidationNamespaceParserTests.WhenConfigFileIsValid" executed="True" result="Success" success="True" time="0.016" asserts="36" />
                </results>
              </test-suite>
              <test-suite type="TestFixture" name="ValidatorGroupTests" executed="True" result="Success" success="True" time="0.016" asserts="0">
                <results>
                  <test-case name="Spring.Validation.ValidatorGroupTests.WhenAllValidatorsReturnFalse" executed="True" result="Success" success="True" time="0.000" asserts="3" />
                  <test-case name="Spring.Validation.ValidatorGroupTests.WhenAllValidatorsReturnFalseFast" executed="True" result="Success" success="True" time="0.000" asserts="3" />
                  <test-case name="Spring.Validation.ValidatorGroupTests.WhenAllValidatorsReturnTrue" executed="True" result="Success" success="True" time="0.016" asserts="3" />
                  <test-case name="Spring.Validation.ValidatorGroupTests.WhenGroupIsNotValidatedBecauseWhenExpressionReturnsFalse" executed="True" result="Success" success="True" time="0.000" asserts="3" />
                  <test-case name="Spring.Validation.ValidatorGroupTests.WhenSingleValidatorReturnsTrue" executed="True" result="Success" success="True" time="0.000" asserts="3" />
                </results>
              </test-suite>
              <test-suite type="TestFixture" name="ValidatorReferenceTests" executed="True" result="Success" success="True" time="0.000" asserts="0">
                <results>
                  <test-case name="Spring.Validation.ValidatorReferenceTests.ContextNarrowing" executed="True" result="Success" success="True" time="0.000" asserts="5" />
                  <test-case name="Spring.Validation.ValidatorReferenceTests.FalseValidatorReference" executed="True" result="Success" success="True" time="0.000" asserts="2" />
                  <test-case name="Spring.Validation.ValidatorReferenceTests.FalseValidatorReferenceNotEvaluatedBecauseWhenExpressionReturnsFalse" executed="True" result="Success" success="True" time="0.000" asserts="2" />
                  <test-case name="Spring.Validation.ValidatorReferenceTests.TrueValidatorReference" executed="True" result="Success" success="True" time="0.000" asserts="2" />
                </results>
              </test-suite>
              <test-suite type="Namespace" name="Validators" executed="True" result="Success" success="True" time="0.109" asserts="0">
                <results>
                  <test-suite type="TestFixture" name="ConditionValidatorTests" executed="True" result="Success" success="True" time="0.000" asserts="0">
                    <results>
                      <test-case name="Spring.Validation.Validators.ConditionValidatorTests.FalseScalarExpression" executed="True" result="Success" success="True" time="0.000" asserts="4" />
                      <test-case name="Spring.Validation.Validators.ConditionValidatorTests.StraightFalse" executed="True" result="Success" success="True" time="0.000" asserts="1" />
                      <test-case name="Spring.Validation.Validators.ConditionValidatorTests.StraightTrue" executed="True" result="Success" success="True" time="0.000" asserts="1" />
                      <test-case name="Spring.Validation.Validators.ConditionValidatorTests.TrueScalarExpression" executed="True" result="Success" success="True" time="0.000" asserts="1" />
                      <test-case name="Spring.Validation.Validators.ConditionValidatorTests.WhenValidatorIsNotEvaluatedBecauseWhenExpressionReturnsFalse" executed="True" result="Success" success="True" time="0.000" asserts="2" />
                    </results>
                  </test-suite>
                  <test-suite type="TestFixture" name="CreditCardValidatorIntegrationTests" executed="True" result="Success" success="True" time="0.016" asserts="0">
                    <results>
                      <test-case name="Spring.Validation.Validators.CreditCardValidatorIntegrationTests.CreditCardValidatorTests" executed="True" result="Success" success="True" time="0.016" asserts="4" />
                      <test-case name="Spring.Validation.Validators.CreditCardValidatorIntegrationTests.ErrorTests" executed="True" result="Success" success="True" time="0.000" asserts="2" />
                      <test-case name="Spring.Validation.Validators.CreditCardValidatorIntegrationTests.WithNullCardType" executed="True" result="Success" success="True" time="0.000" asserts="2" />
                    </results>
                  </test-suite>
                  <test-suite type="TestFixture" name="CreditCardValidatorTests" executed="True" result="Success" success="True" time="0.000" asserts="0">
                    <results>
                      <test-case name="Spring.Validation.Validators.CreditCardValidatorTests.Validate" executed="True" result="Success" success="True" time="0.000" asserts="5" />
                    </results>
                  </test-suite>
                  <test-suite type="TestFixture" name="EmailValidatorIntegrationTests" executed="True" result="Success" success="True" time="0.000" asserts="0">
                    <results>
                      <test-case name="Spring.Validation.Validators.EmailValidatorIntegrationTests.EmailValidatorTests" executed="True" result="Success" success="True" time="0.000" asserts="2" />
                    </results>
                  </test-suite>
                  <test-suite type="TestFixture" name="EmailValidatorTests" executed="True" result="Success" success="True" time="0.016" asserts="0">
                    <results>
                      <test-case name="Spring.Validation.Validators.EmailValidatorTests.Validate" executed="True" result="Success" success="True" time="0.000" asserts="12" />
                    </results>
                  </test-suite>
                  <test-suite type="TestFixture" name="ISBNValidatorIntegrationTests" executed="True" result="Success" success="True" time="0.000" asserts="0">
                    <results>
                      <test-case name="Spring.Validation.Validators.ISBNValidatorIntegrationTests.ISBNValidatorTests" executed="True" result="Success" success="True" time="0.000" asserts="2" />
                    </results>
                  </test-suite>
                  <test-suite type="TestFixture" name="ISBNValidatorTests" executed="True" result="Success" success="True" time="0.000" asserts="0">
                    <results>
                      <test-case name="Spring.Validation.Validators.ISBNValidatorTests.Validate" executed="True" result="Success" success="True" time="0.000" asserts="16" />
                    </results>
                  </test-suite>
                  <test-suite type="TestFixture" name="RegularExpressionValidatorTests" executed="True" result="Success" success="True" time="0.031" asserts="0">
                    <results>
                      <test-case name="Spring.Validation.Validators.RegularExpressionValidatorTests.AllowPartialMatching" executed="True" result="Success" success="True" time="0.000" asserts="1" />
                      <test-case name="Spring.Validation.Validators.RegularExpressionValidatorTests.CaseInsensitiveStringMatching" executed="True" result="Success" success="True" time="0.000" asserts="3" />
                      <test-case name="Spring.Validation.Validators.RegularExpressionValidatorTests.CaseSensitiveStringMatching" executed="True" result="Success" success="True" time="0.000" asserts="3" />
                      <test-case name="Spring.Validation.Validators.RegularExpressionValidatorTests.EmptyStringValidatesToTrue" executed="True" result="Success" success="True" time="0.000" asserts="1" />
                      <test-case name="Spring.Validation.Validators.RegularExpressionValidatorTests.SunnyDay_Valid" executed="True" result="Success" success="True" time="0.000" asserts="1" />
                      <test-case name="Spring.Validation.Validators.RegularExpressionValidatorTests.SunnyDayFailure_Invalid" executed="True" result="Success" success="True" time="0.000" asserts="1" />
                      <test-case name="Spring.Validation.Validators.RegularExpressionValidatorTests.WhenValidatorIsNotEvaluatedBecauseWhenExpressionReturnsFalse" executed="True" result="Success" success="True" time="0.000" asserts="1" />
                      <test-case name="Spring.Validation.Validators.RegularExpressionValidatorTests.WhitespaceStringDoesntEvaluateToTrueByDefault" executed="True" result="Success" success="True" time="0.000" asserts="1" />
                      <test-case name="Spring.Validation.Validators.RegularExpressionValidatorTests.WhitespaceStringOnlyValidatesToTrueWhenGivenMatchingRegex" executed="True" result="Success" success="True" time="0.000" asserts="1" />
                      <test-case name="Spring.Validation.Validators.RegularExpressionValidatorTests.WithNonString" executed="True" result="Success" success="True" time="0.016" asserts="0" />
                      <test-case name="Spring.Validation.Validators.RegularExpressionValidatorTests.WithNull" executed="True" result="Success" success="True" time="0.000" asserts="0" />
                    </results>
                  </test-suite>
                  <test-suite type="TestFixture" name="RequiredValidatorTests" executed="True" result="Success" success="True" time="0.031" asserts="0">
                    <results>
                      <test-case name="Spring.Validation.Validators.RequiredValidatorTests.WhenValidatorIsNotEvaluatedBecauseWhenExpressionReturnsFalse" executed="True" result="Success" success="True" time="0.000" asserts="2" />
                      <test-case name="Spring.Validation.Validators.RequiredValidatorTests.WithEmptyString" executed="True" result="Success" success="True" time="0.000" asserts="1" />
                      <test-case name="Spring.Validation.Validators.RequiredValidatorTests.WithKosherChar" executed="True" result="Success" success="True" time="0.000" asserts="1" />
                      <test-case name="Spring.Validation.Validators.RequiredValidatorTests.WithKosherDate" executed="True" result="Success" success="True" time="0.000" asserts="1" />
                      <test-case name="Spring.Validation.Validators.RequiredValidatorTests.WithKosherDouble" executed="True" result="Success" success="True" time="0.000" asserts="1" />
                      <test-case name="Spring.Validation.Validators.RequiredValidatorTests.WithKosherFloat" executed="True" result="Success" success="True" time="0.000" asserts="1" />
                      <test-case name="Spring.Validation.Validators.RequiredValidatorTests.WithKosherString" executed="True" result="Success" success="True" time="0.000" asserts="1" />
                      <test-case name="Spring.Validation.Validators.RequiredValidatorTests.WithMaxDate" executed="True" result="Success" success="True" time="0.000" asserts="1" />
                      <test-case name="Spring.Validation.Validators.RequiredValidatorTests.WithMinChar" executed="True" result="Success" success="True" time="0.000" asserts="1" />
                      <test-case name="Spring.Validation.Validators.RequiredValidatorTests.WithMinDate" executed="True" result="Success" success="True" time="0.000" asserts="1" />
                      <test-case name="Spring.Validation.Validators.RequiredValidatorTests.WithNegativeNumber" executed="True" result="Success" success="True" time="0.000" asserts="1" />
                      <test-case name="Spring.Validation.Validators.RequiredValidatorTests.WithNull" executed="True" result="Success" success="True" time="0.000" asserts="1" />
                      <test-case name="Spring.Validation.Validators.RequiredValidatorTests.WithPositiveNumber" executed="True" result="Success" success="True" time="0.000" asserts="1" />
                      <test-case name="Spring.Validation.Validators.RequiredValidatorTests.WithWhitespaceChar" executed="True" result="Success" success="True" time="0.000" asserts="1" />
                      <test-case name="Spring.Validation.Validators.RequiredValidatorTests.WithWhitespaceOnlyString" executed="True" result="Success" success="True" time="0.000" asserts="1" />
                      <test-case name="Spring.Validation.Validators.RequiredValidatorTests.WithZeroDouble" executed="True" result="Success" success="True" time="0.000" asserts="1" />
                      <test-case name="Spring.Validation.Validators.RequiredValidatorTests.WithZeroFloat" executed="True" result="Success" success="True" time="0.000" asserts="1" />
                      <test-case name="Spring.Validation.Validators.RequiredValidatorTests.WithZeroNumber" executed="True" result="Success" success="True" time="0.000" asserts="1" />
                    </results>
                  </test-suite>
                  <test-suite type="TestFixture" name="UrlValidatorIntegrationTests" executed="True" result="Success" success="True" time="0.000" asserts="0">
                    <results>
                      <test-case name="Spring.Validation.Validators.UrlValidatorIntegrationTests.ISBNValidatorTests" executed="True" result="Success" success="True" time="0.000" asserts="2" />
                    </results>
                  </test-suite>
                  <test-suite type="TestFixture" name="UrlValidatorTests" executed="True" result="Success" success="True" time="0.016" asserts="0">
                    <results>
                      <test-case name="Spring.Validation.Validators.UrlValidatorTests.Validate" executed="True" result="Success" success="True" time="0.016" asserts="16" />
                    </results>
                  </test-suite>
                </results>
              </test-suite>
            </results>
          </test-suite>
        </results>
      </test-suite>
    </results>
  </test-suite>
</test-results>